<?xml version="1.0" encoding="UTF-8"?>
<robot generator="Robot 3.1 (Python 3.7.9 on darwin)" generated="20210330 11:22:44.564" rpa="false">
<suite id="s1" name="1搜索入口" source="/Users/atx/Desktop/iPad-AutoTest/channel/7-功能/1搜索入口.txt">
<kw name="公共－初始化环境" library="公共" type="setup">
<kw name="公共－清除数据" library="公共">
<kw name="Delete Data" library="auto">
<doc>删除临时表的数据</doc>
<arguments>
<arg>${platform}</arg>
</arguments>
<msg timestamp="20210330 11:22:45.313" level="INFO">delete_data...</msg>
<status status="PASS" starttime="20210330 11:22:45.312" endtime="20210330 11:22:45.353"></status>
</kw>
<kw name="Sleep" library="BuiltIn">
<doc>Pauses the test executed for the given time.</doc>
<arguments>
<arg>2</arg>
</arguments>
<msg timestamp="20210330 11:22:47.357" level="INFO">Slept 2 seconds</msg>
<status status="PASS" starttime="20210330 11:22:45.353" endtime="20210330 11:22:47.357"></status>
</kw>
<status status="PASS" starttime="20210330 11:22:45.312" endtime="20210330 11:22:47.357"></status>
</kw>
<kw name="Open Application" library="AppiumLibrary">
<doc>Opens a new application to given Appium server.
Capabilities of appium server, Android and iOS,
Please check https://github.com/appium/appium/blob/master/docs/en/writing-running-appium/server-args.md
| *Option*            | *Man.* | *Description*     |
| remote_url          | Yes    | Appium server url |
| alias               | no     | alias             |</doc>
<arguments>
<arg>http://127.0.0.1:4723/wd/hub</arg>
<arg>platformName=iOS</arg>
<arg>deviceName=iPad</arg>
<arg>platformVersion=14.4.1</arg>
<arg>newCommandTimeout=600</arg>
<arg>udid=2a1c70f96bd851a51cc309260b811f37a0224831</arg>
<arg>bundleId=com.imgo.tv.hd</arg>
<arg>AutomationName=XCUITest</arg>
</arguments>
<status status="PASS" starttime="20210330 11:22:47.357" endtime="20210330 11:22:53.761"></status>
</kw>
<kw name="Comment" library="BuiltIn">
<doc>Displays the given messages in the log file as keyword arguments.</doc>
<arguments>
<arg>Open Application</arg>
<arg>http://127.0.0.1:4723/wd/hub</arg>
<arg>platformName=IOS</arg>
<arg>deviceName=iPad Air</arg>
<arg>app=/Users/klyg/Desktop/ipad_auto/package/${package}</arg>
<arg>platformVersion=9.3</arg>
<arg>newCommandTimeout=500</arg>
<arg>autoAcceptAlerts=true</arg>
<arg>waitForAppScript=5000</arg>
</arguments>
<status status="PASS" starttime="20210330 11:22:53.761" endtime="20210330 11:22:53.762"></status>
</kw>
<kw name="Sleep" library="BuiltIn">
<doc>Pauses the test executed for the given time.</doc>
<arguments>
<arg>10</arg>
</arguments>
<msg timestamp="20210330 11:23:03.763" level="INFO">Slept 10 seconds</msg>
<status status="PASS" starttime="20210330 11:22:53.762" endtime="20210330 11:23:03.763"></status>
</kw>
<status status="PASS" starttime="20210330 11:22:45.312" endtime="20210330 11:23:03.763"></status>
</kw>
<test id="s1-t1" name="图像坐标测试">
<kw name="Capture Page Screenshot" library="AppiumLibrary">
<doc>Takes a screenshot of the current page and embeds it into the log.</doc>
<arguments>
<arg>/Users/atx/Desktop/iPad-AutoTest/img/dst_imgage.PNG</arg>
</arguments>
<msg timestamp="20210330 11:23:05.076" level="INFO" html="yes">&lt;/td&gt;&lt;/tr&gt;&lt;tr&gt;&lt;td colspan="3"&gt;&lt;a href="../../../img/dst_imgage.PNG"&gt;&lt;img src="../../../img/dst_imgage.PNG" width="800px"&gt;&lt;/a&gt;</msg>
<status status="PASS" starttime="20210330 11:23:03.765" endtime="20210330 11:23:05.076"></status>
</kw>
<kw name="Sleep" library="BuiltIn">
<doc>Pauses the test executed for the given time.</doc>
<arguments>
<arg>2</arg>
</arguments>
<msg timestamp="20210330 11:23:07.077" level="INFO">Slept 2 seconds</msg>
<status status="PASS" starttime="20210330 11:23:05.076" endtime="20210330 11:23:07.077"></status>
</kw>
<kw name="公共-图像匹配坐标" library="公共">
<arguments>
<arg>${src_path}</arg>
<arg>${dst_path}</arg>
</arguments>
<assign>
<var>${x}</var>
<var>${y}</var>
</assign>
<kw name="Get Image Element Point" library="image_match">
<doc>获取图像目标的坐标点
:param src_path: 原图像
:param dst_path: 目标识别图像
:return: 目标元素的中心坐标点</doc>
<arguments>
<arg>${src_path}</arg>
<arg>${dst_path}</arg>
</arguments>
<assign>
<var>${x}</var>
<var>${y}</var>
</assign>
<msg timestamp="20210330 11:23:08.542" level="INFO">src_path:/Users/atx/Desktop/iPad-AutoTest/img/my.PNG,dst_path:/Users/atx/Desktop/iPad-AutoTest/img/dst_imgage.PNG</msg>
<msg timestamp="20210330 11:23:08.543" level="INFO">${x} = 835</msg>
<msg timestamp="20210330 11:23:08.543" level="INFO">${y} = 742</msg>
<status status="PASS" starttime="20210330 11:23:07.078" endtime="20210330 11:23:08.544"></status>
</kw>
<msg timestamp="20210330 11:23:08.544" level="INFO">${x} = 835</msg>
<msg timestamp="20210330 11:23:08.545" level="INFO">${y} = 742</msg>
<status status="PASS" starttime="20210330 11:23:07.078" endtime="20210330 11:23:08.545"></status>
</kw>
<kw name="Sleep" library="BuiltIn">
<doc>Pauses the test executed for the given time.</doc>
<arguments>
<arg>2</arg>
</arguments>
<msg timestamp="20210330 11:23:10.547" level="INFO">Slept 2 seconds</msg>
<status status="PASS" starttime="20210330 11:23:08.545" endtime="20210330 11:23:10.547"></status>
</kw>
<kw name="Click A Point" library="AppiumLibrary">
<doc>Click on a point</doc>
<arguments>
<arg>${x}</arg>
<arg>${y}</arg>
</arguments>
<msg timestamp="20210330 11:23:10.550" level="INFO">Clicking on a point (835,742).</msg>
<status status="PASS" starttime="20210330 11:23:10.547" endtime="20210330 11:23:12.643"></status>
</kw>
<kw name="Sleep" library="BuiltIn">
<doc>Pauses the test executed for the given time.</doc>
<arguments>
<arg>5</arg>
</arguments>
<msg timestamp="20210330 11:23:17.644" level="INFO">Slept 5 seconds</msg>
<status status="PASS" starttime="20210330 11:23:12.643" endtime="20210330 11:23:17.645"></status>
</kw>
<status status="PASS" starttime="20210330 11:23:03.763" endtime="20210330 11:23:17.645" critical="yes"></status>
</test>
<kw name="公共－关闭环境" library="公共" type="teardown">
<kw name="Close All Applications" library="AppiumLibrary">
<doc>Closes all open applications.</doc>
<status status="PASS" starttime="20210330 11:23:17.647" endtime="20210330 11:23:18.749"></status>
</kw>
<status status="PASS" starttime="20210330 11:23:17.647" endtime="20210330 11:23:18.749"></status>
</kw>
<doc>搜索入口</doc>
<status status="PASS" starttime="20210330 11:22:44.565" endtime="20210330 11:23:18.749"></status>
</suite>
<statistics>
<total>
<stat pass="1" fail="0">Critical Tests</stat>
<stat pass="1" fail="0">All Tests</stat>
</total>
<tag>
</tag>
<suite>
<stat pass="1" fail="0" id="s1" name="1搜索入口">1搜索入口</stat>
</suite>
</statistics>
<errors>
<msg timestamp="20210330 11:22:44.560" level="WARN">Automatically parsing other than '*.robot' files is deprecated. Convert '/Users/atx/Desktop/iPad-AutoTest/channel/7-功能/1搜索入口.txt' to '*.robot' format or use '--extension' to explicitly configure which files to parse.</msg>
</errors>
</robot>
