<?xml version="1.0" encoding="UTF-8"?>
<robot generator="Robot 3.1 (Python 3.9.4 on darwin)" generated="20230227 18:06:40.575" rpa="false">
<suite id="s1" name="推荐词搜索" source="/Users/xiaozixi/Desktop/自动化测试/iPad-AutoTest/调试/3-搜索上报/推荐词搜索.txt">
<kw name="公共－初始化环境" library="公共" type="setup">
<kw name="公共－清除数据" library="公共">
<kw name="Sleep" library="BuiltIn">
<doc>Pauses the test executed for the given time.</doc>
<arguments>
<arg>3</arg>
</arguments>
<msg timestamp="20230227 18:06:44.896" level="INFO">Slept 3 seconds</msg>
<status status="PASS" starttime="20230227 18:06:41.896" endtime="20230227 18:06:44.896"></status>
</kw>
<kw name="Delete Data" library="auto">
<doc>删除临时表的数据</doc>
<arguments>
<arg>${platform}</arg>
</arguments>
<msg timestamp="20230227 18:06:44.897" level="INFO">delete_data...</msg>
<status status="PASS" starttime="20230227 18:06:44.896" endtime="20230227 18:06:44.925"></status>
</kw>
<kw name="Sleep" library="BuiltIn">
<doc>Pauses the test executed for the given time.</doc>
<arguments>
<arg>5</arg>
</arguments>
<msg timestamp="20230227 18:06:49.925" level="INFO">Slept 5 seconds</msg>
<status status="PASS" starttime="20230227 18:06:44.925" endtime="20230227 18:06:49.925"></status>
</kw>
<status status="PASS" starttime="20230227 18:06:41.895" endtime="20230227 18:06:49.925"></status>
</kw>
<kw name="Open Application" library="AppiumLibrary">
<doc>Opens a new application to given Appium server.
Capabilities of appium server, Android and iOS,
Please check https://github.com/appium/appium/blob/master/docs/en/writing-running-appium/server-args.md
| *Option*            | *Man.* | *Description*     |
| remote_url          | Yes    | Appium server url |
| alias               | no     | alias             |</doc>
<arguments>
<arg>http://127.0.0.1:4723/wd/hub</arg>
<arg>platformName=iOS</arg>
<arg>deviceName=iPad</arg>
<arg>platformVersion=14.4.1</arg>
<arg>newCommandTimeout=600</arg>
<arg>udid=f4168aea0d6a99829d75f3ea681f430ad71df1ea</arg>
<arg>bundleId=com.imgo.tv.hd</arg>
<arg>AutomationName=XCUITest</arg>
</arguments>
<status status="PASS" starttime="20230227 18:06:49.925" endtime="20230227 18:06:58.235"></status>
</kw>
<kw name="Sleep" library="BuiltIn">
<doc>Pauses the test executed for the given time.</doc>
<arguments>
<arg>10</arg>
</arguments>
<msg timestamp="20230227 18:07:08.235" level="INFO">Slept 10 seconds</msg>
<status status="PASS" starttime="20230227 18:06:58.235" endtime="20230227 18:07:08.235"></status>
</kw>
<status status="PASS" starttime="20230227 18:06:41.895" endtime="20230227 18:07:08.236"></status>
</kw>
<test id="s1-t1" name="输入搜索词弹出关键词推荐页pvs">
<kw name="首页－搜索视频" library="首页">
<kw name="首页－搜索入口" library="首页">
<kw name="Click Element" library="AppiumLibrary">
<doc>Click element identified by `locator`.</doc>
<arguments>
<arg>xpath=//XCUIElementTypeTextField[@name="search_textField"]/parent::XCUIElementTypeOther</arg>
</arguments>
<msg timestamp="20230227 18:07:08.240" level="INFO">Clicking element 'xpath=//XCUIElementTypeTextField[@name="search_textField"]/parent::XCUIElementTypeOther'.</msg>
<status status="PASS" starttime="20230227 18:07:08.238" endtime="20230227 18:07:09.709"></status>
</kw>
<status status="PASS" starttime="20230227 18:07:08.238" endtime="20230227 18:07:09.709"></status>
</kw>
<kw name="Sleep" library="BuiltIn">
<doc>Pauses the test executed for the given time.</doc>
<arguments>
<arg>3</arg>
</arguments>
<msg timestamp="20230227 18:07:12.712" level="INFO">Slept 3 seconds</msg>
<status status="PASS" starttime="20230227 18:07:09.709" endtime="20230227 18:07:12.712"></status>
</kw>
<status status="PASS" starttime="20230227 18:07:08.238" endtime="20230227 18:07:12.712"></status>
</kw>
<kw name="公共－清除数据" library="公共">
<kw name="Sleep" library="BuiltIn">
<doc>Pauses the test executed for the given time.</doc>
<arguments>
<arg>3</arg>
</arguments>
<msg timestamp="20230227 18:07:15.714" level="INFO">Slept 3 seconds</msg>
<status status="PASS" starttime="20230227 18:07:12.713" endtime="20230227 18:07:15.714"></status>
</kw>
<kw name="Delete Data" library="auto">
<doc>删除临时表的数据</doc>
<arguments>
<arg>${platform}</arg>
</arguments>
<msg timestamp="20230227 18:07:15.715" level="INFO">delete_data...</msg>
<status status="PASS" starttime="20230227 18:07:15.714" endtime="20230227 18:07:15.736"></status>
</kw>
<kw name="Sleep" library="BuiltIn">
<doc>Pauses the test executed for the given time.</doc>
<arguments>
<arg>5</arg>
</arguments>
<msg timestamp="20230227 18:07:20.737" level="INFO">Slept 5 seconds</msg>
<status status="PASS" starttime="20230227 18:07:15.736" endtime="20230227 18:07:20.737"></status>
</kw>
<status status="PASS" starttime="20230227 18:07:12.713" endtime="20230227 18:07:20.737"></status>
</kw>
<kw name="搜索－输入搜索词" library="搜索">
<arguments>
<arg>向往的生活</arg>
</arguments>
<kw name="Input Value" library="AppiumLibrary">
<doc>Sets the given value into text field identified by `locator`. This is an IOS only keyword, input value makes use of set_value</doc>
<arguments>
<arg>name=searchTextField</arg>
<arg>${value}</arg>
</arguments>
<msg timestamp="20230227 18:07:20.739" level="INFO">Setting text '向往的生活' into text field 'name=searchTextField'</msg>
<status status="PASS" starttime="20230227 18:07:20.738" endtime="20230227 18:07:22.777"></status>
</kw>
<kw name="Sleep" library="BuiltIn">
<doc>Pauses the test executed for the given time.</doc>
<arguments>
<arg>2</arg>
</arguments>
<msg timestamp="20230227 18:07:24.778" level="INFO">Slept 2 seconds</msg>
<status status="PASS" starttime="20230227 18:07:22.777" endtime="20230227 18:07:24.778"></status>
</kw>
<status status="PASS" starttime="20230227 18:07:20.737" endtime="20230227 18:07:24.778"></status>
</kw>
<kw name="Sleep" library="BuiltIn">
<doc>Pauses the test executed for the given time.</doc>
<arguments>
<arg>2</arg>
</arguments>
<msg timestamp="20230227 18:07:26.779" level="INFO">Slept 2 seconds</msg>
<status status="PASS" starttime="20230227 18:07:24.778" endtime="20230227 18:07:26.779"></status>
</kw>
<kw name="公共－校验结果" library="公共">
<arguments>
<arg>${pvs_field}</arg>
<arg>search_028</arg>
<arg>mpp_pvs_ipad</arg>
<arg>1</arg>
</arguments>
<kw name="Check Result" library="auto">
<doc>校验结果
:param field: 要查询的域
:param platform: 平台类型
:param test_point: 测试点
:param field_table: 数据模板表
:param act_count: 校验条数
:return:</doc>
<arguments>
<arg>${field}</arg>
<arg>${platform}</arg>
<arg>${test_point}</arg>
<arg>${field_table}</arg>
<arg>${act_count}</arg>
</arguments>
<assign>
<var>${result}</var>
</assign>
<msg timestamp="20230227 18:07:26.780" level="INFO">check_result...</msg>
<msg timestamp="20230227 18:07:26.807" level="INFO">${result} = {'count': [1, ''], 'field': [1, ''], 'errdata': [0, {'uvip': ''}]}</msg>
<status status="PASS" starttime="20230227 18:07:26.780" endtime="20230227 18:07:26.807"></status>
</kw>
<kw name="公共-校验" library="公共">
<arguments>
<arg>${result['count'][0]}==1</arg>
<arg>条数错误：${result['count'][1]}\n</arg>
</arguments>
<assign>
<var>${count}</var>
<var>${error1}</var>
</assign>
<kw name="Evaluate" library="BuiltIn">
<doc>Evaluates the given expression in Python and returns the results.</doc>
<arguments>
<arg>${res}</arg>
</arguments>
<assign>
<var>${passed}</var>
</assign>
<msg timestamp="20230227 18:07:26.808" level="INFO">${passed} = True</msg>
<status status="PASS" starttime="20230227 18:07:26.808" endtime="20230227 18:07:26.808"></status>
</kw>
<kw name="Set Variable If" library="BuiltIn">
<doc>Sets variable based on the given condition.</doc>
<arguments>
<arg>${passed}</arg>
<arg>${EMPTY}</arg>
<arg>${text}</arg>
</arguments>
<assign>
<var>${error}</var>
</assign>
<msg timestamp="20230227 18:07:26.808" level="INFO">${error} = </msg>
<status status="PASS" starttime="20230227 18:07:26.808" endtime="20230227 18:07:26.809"></status>
</kw>
<msg timestamp="20230227 18:07:26.809" level="INFO">${count} = True</msg>
<msg timestamp="20230227 18:07:26.810" level="INFO">${error1} = </msg>
<status status="PASS" starttime="20230227 18:07:26.807" endtime="20230227 18:07:26.810"></status>
</kw>
<kw name="公共-校验" library="公共">
<arguments>
<arg>${result['field'][0]} ==1</arg>
<arg>字段错误：${result['field'][1]}\n</arg>
</arguments>
<assign>
<var>${field}</var>
<var>${error2}</var>
</assign>
<kw name="Evaluate" library="BuiltIn">
<doc>Evaluates the given expression in Python and returns the results.</doc>
<arguments>
<arg>${res}</arg>
</arguments>
<assign>
<var>${passed}</var>
</assign>
<msg timestamp="20230227 18:07:26.811" level="INFO">${passed} = True</msg>
<status status="PASS" starttime="20230227 18:07:26.811" endtime="20230227 18:07:26.811"></status>
</kw>
<kw name="Set Variable If" library="BuiltIn">
<doc>Sets variable based on the given condition.</doc>
<arguments>
<arg>${passed}</arg>
<arg>${EMPTY}</arg>
<arg>${text}</arg>
</arguments>
<assign>
<var>${error}</var>
</assign>
<msg timestamp="20230227 18:07:26.812" level="INFO">${error} = </msg>
<status status="PASS" starttime="20230227 18:07:26.812" endtime="20230227 18:07:26.812"></status>
</kw>
<msg timestamp="20230227 18:07:26.813" level="INFO">${field} = True</msg>
<msg timestamp="20230227 18:07:26.813" level="INFO">${error2} = </msg>
<status status="PASS" starttime="20230227 18:07:26.810" endtime="20230227 18:07:26.813"></status>
</kw>
<kw name="公共-校验" library="公共">
<arguments>
<arg>${result['errdata'][0]}==1</arg>
<arg>字段值错误：${result['errdata'][1]}\n</arg>
</arguments>
<assign>
<var>${errdata}</var>
<var>${error3}</var>
</assign>
<kw name="Evaluate" library="BuiltIn">
<doc>Evaluates the given expression in Python and returns the results.</doc>
<arguments>
<arg>${res}</arg>
</arguments>
<assign>
<var>${passed}</var>
</assign>
<msg timestamp="20230227 18:07:26.814" level="INFO">${passed} = False</msg>
<status status="PASS" starttime="20230227 18:07:26.814" endtime="20230227 18:07:26.814"></status>
</kw>
<kw name="Set Variable If" library="BuiltIn">
<doc>Sets variable based on the given condition.</doc>
<arguments>
<arg>${passed}</arg>
<arg>${EMPTY}</arg>
<arg>${text}</arg>
</arguments>
<assign>
<var>${error}</var>
</assign>
<msg timestamp="20230227 18:07:26.814" level="INFO">${error} = 字段值错误：{'uvip': ''}
</msg>
<status status="PASS" starttime="20230227 18:07:26.814" endtime="20230227 18:07:26.814"></status>
</kw>
<msg timestamp="20230227 18:07:26.815" level="INFO">${errdata} = False</msg>
<msg timestamp="20230227 18:07:26.815" level="INFO">${error3} = 字段值错误：{'uvip': ''}
</msg>
<status status="PASS" starttime="20230227 18:07:26.813" endtime="20230227 18:07:26.815"></status>
</kw>
<kw name="Evaluate" library="BuiltIn">
<doc>Evaluates the given expression in Python and returns the results.</doc>
<arguments>
<arg>${count}&amp;${field}&amp;${errdata}</arg>
</arguments>
<assign>
<var>${res}</var>
</assign>
<msg timestamp="20230227 18:07:26.815" level="INFO">${res} = False</msg>
<status status="PASS" starttime="20230227 18:07:26.815" endtime="20230227 18:07:26.815"></status>
</kw>
<kw name="Catenate" library="BuiltIn">
<doc>Catenates the given items together and returns the resulted string.</doc>
<arguments>
<arg>SEPARATOR=</arg>
<arg>${error1}</arg>
<arg>${error2}</arg>
<arg>${error3}</arg>
</arguments>
<assign>
<var>${error}</var>
</assign>
<msg timestamp="20230227 18:07:26.815" level="INFO">${error} = 字段值错误：{'uvip': ''}
</msg>
<status status="PASS" starttime="20230227 18:07:26.815" endtime="20230227 18:07:26.816"></status>
</kw>
<kw name="Should Be True" library="BuiltIn">
<doc>Fails if the given condition is not true.</doc>
<arguments>
<arg>${res}</arg>
<arg>${error}</arg>
</arguments>
<msg timestamp="20230227 18:07:26.816" level="FAIL">字段值错误：{'uvip': ''}
</msg>
<status status="FAIL" starttime="20230227 18:07:26.816" endtime="20230227 18:07:26.816"></status>
</kw>
<status status="FAIL" starttime="20230227 18:07:26.779" endtime="20230227 18:07:26.816"></status>
</kw>
<status status="FAIL" starttime="20230227 18:07:08.236" endtime="20230227 18:07:26.816" critical="yes">字段值错误：{'uvip': ''}
</status>
</test>
<test id="s1-t2" name="点推荐词跳点播页pvs">
<kw name="公共－清除数据" library="公共">
<kw name="Sleep" library="BuiltIn">
<doc>Pauses the test executed for the given time.</doc>
<arguments>
<arg>3</arg>
</arguments>
<msg timestamp="20230227 18:07:29.820" level="INFO">Slept 3 seconds</msg>
<status status="PASS" starttime="20230227 18:07:26.818" endtime="20230227 18:07:29.820"></status>
</kw>
<kw name="Delete Data" library="auto">
<doc>删除临时表的数据</doc>
<arguments>
<arg>${platform}</arg>
</arguments>
<msg timestamp="20230227 18:07:29.820" level="INFO">delete_data...</msg>
<status status="PASS" starttime="20230227 18:07:29.820" endtime="20230227 18:07:29.853"></status>
</kw>
<kw name="Sleep" library="BuiltIn">
<doc>Pauses the test executed for the given time.</doc>
<arguments>
<arg>5</arg>
</arguments>
<msg timestamp="20230227 18:07:34.854" level="INFO">Slept 5 seconds</msg>
<status status="PASS" starttime="20230227 18:07:29.853" endtime="20230227 18:07:34.854"></status>
</kw>
<status status="PASS" starttime="20230227 18:07:26.818" endtime="20230227 18:07:34.855"></status>
</kw>
<kw name="公共－xpath" library="公共">
<arguments>
<arg>//XCUIElementTypeStaticText[@name="向往的生活"]/preceding-sibling::XCUIElementTypeButton[1]</arg>
</arguments>
<kw name="Sleep" library="BuiltIn">
<doc>Pauses the test executed for the given time.</doc>
<arguments>
<arg>1</arg>
</arguments>
<msg timestamp="20230227 18:07:35.858" level="INFO">Slept 1 second</msg>
<status status="PASS" starttime="20230227 18:07:34.856" endtime="20230227 18:07:35.858"></status>
</kw>
<kw name="Click Element" library="AppiumLibrary">
<doc>Click element identified by `locator`.</doc>
<arguments>
<arg>xpath=${text}</arg>
</arguments>
<msg timestamp="20230227 18:07:35.859" level="INFO">Clicking element 'xpath=//XCUIElementTypeStaticText[@name="向往的生活"]/preceding-sibling::XCUIElementTypeButton[1]'.</msg>
<status status="PASS" starttime="20230227 18:07:35.858" endtime="20230227 18:07:39.931"></status>
</kw>
<kw name="Sleep" library="BuiltIn">
<doc>Pauses the test executed for the given time.</doc>
<arguments>
<arg>2</arg>
</arguments>
<msg timestamp="20230227 18:07:41.932" level="INFO">Slept 2 seconds</msg>
<status status="PASS" starttime="20230227 18:07:39.931" endtime="20230227 18:07:41.933"></status>
</kw>
<status status="PASS" starttime="20230227 18:07:34.855" endtime="20230227 18:07:41.933"></status>
</kw>
<kw name="Sleep" library="BuiltIn">
<doc>Pauses the test executed for the given time.</doc>
<arguments>
<arg>2</arg>
</arguments>
<msg timestamp="20230227 18:07:43.935" level="INFO">Slept 2 seconds</msg>
<status status="PASS" starttime="20230227 18:07:41.933" endtime="20230227 18:07:43.935"></status>
</kw>
<kw name="公共－校验结果" library="公共">
<arguments>
<arg>${pvs_field}</arg>
<arg>search_029</arg>
<arg>mpp_pvs_ipad</arg>
<arg>1</arg>
</arguments>
<kw name="Check Result" library="auto">
<doc>校验结果
:param field: 要查询的域
:param platform: 平台类型
:param test_point: 测试点
:param field_table: 数据模板表
:param act_count: 校验条数
:return:</doc>
<arguments>
<arg>${field}</arg>
<arg>${platform}</arg>
<arg>${test_point}</arg>
<arg>${field_table}</arg>
<arg>${act_count}</arg>
</arguments>
<assign>
<var>${result}</var>
</assign>
<msg timestamp="20230227 18:07:43.936" level="INFO">check_result...</msg>
<msg timestamp="20230227 18:07:43.966" level="INFO">${result} = {'count': [1, ''], 'field': [1, ''], 'errdata': [0, {'uvip': '0'}]}</msg>
<status status="PASS" starttime="20230227 18:07:43.936" endtime="20230227 18:07:43.966"></status>
</kw>
<kw name="公共-校验" library="公共">
<arguments>
<arg>${result['count'][0]}==1</arg>
<arg>条数错误：${result['count'][1]}\n</arg>
</arguments>
<assign>
<var>${count}</var>
<var>${error1}</var>
</assign>
<kw name="Evaluate" library="BuiltIn">
<doc>Evaluates the given expression in Python and returns the results.</doc>
<arguments>
<arg>${res}</arg>
</arguments>
<assign>
<var>${passed}</var>
</assign>
<msg timestamp="20230227 18:07:43.967" level="INFO">${passed} = True</msg>
<status status="PASS" starttime="20230227 18:07:43.967" endtime="20230227 18:07:43.968"></status>
</kw>
<kw name="Set Variable If" library="BuiltIn">
<doc>Sets variable based on the given condition.</doc>
<arguments>
<arg>${passed}</arg>
<arg>${EMPTY}</arg>
<arg>${text}</arg>
</arguments>
<assign>
<var>${error}</var>
</assign>
<msg timestamp="20230227 18:07:43.968" level="INFO">${error} = </msg>
<status status="PASS" starttime="20230227 18:07:43.968" endtime="20230227 18:07:43.968"></status>
</kw>
<msg timestamp="20230227 18:07:43.968" level="INFO">${count} = True</msg>
<msg timestamp="20230227 18:07:43.968" level="INFO">${error1} = </msg>
<status status="PASS" starttime="20230227 18:07:43.967" endtime="20230227 18:07:43.968"></status>
</kw>
<kw name="公共-校验" library="公共">
<arguments>
<arg>${result['field'][0]} ==1</arg>
<arg>字段错误：${result['field'][1]}\n</arg>
</arguments>
<assign>
<var>${field}</var>
<var>${error2}</var>
</assign>
<kw name="Evaluate" library="BuiltIn">
<doc>Evaluates the given expression in Python and returns the results.</doc>
<arguments>
<arg>${res}</arg>
</arguments>
<assign>
<var>${passed}</var>
</assign>
<msg timestamp="20230227 18:07:43.969" level="INFO">${passed} = True</msg>
<status status="PASS" starttime="20230227 18:07:43.969" endtime="20230227 18:07:43.969"></status>
</kw>
<kw name="Set Variable If" library="BuiltIn">
<doc>Sets variable based on the given condition.</doc>
<arguments>
<arg>${passed}</arg>
<arg>${EMPTY}</arg>
<arg>${text}</arg>
</arguments>
<assign>
<var>${error}</var>
</assign>
<msg timestamp="20230227 18:07:43.969" level="INFO">${error} = </msg>
<status status="PASS" starttime="20230227 18:07:43.969" endtime="20230227 18:07:43.969"></status>
</kw>
<msg timestamp="20230227 18:07:43.970" level="INFO">${field} = True</msg>
<msg timestamp="20230227 18:07:43.970" level="INFO">${error2} = </msg>
<status status="PASS" starttime="20230227 18:07:43.968" endtime="20230227 18:07:43.970"></status>
</kw>
<kw name="公共-校验" library="公共">
<arguments>
<arg>${result['errdata'][0]}==1</arg>
<arg>字段值错误：${result['errdata'][1]}\n</arg>
</arguments>
<assign>
<var>${errdata}</var>
<var>${error3}</var>
</assign>
<kw name="Evaluate" library="BuiltIn">
<doc>Evaluates the given expression in Python and returns the results.</doc>
<arguments>
<arg>${res}</arg>
</arguments>
<assign>
<var>${passed}</var>
</assign>
<msg timestamp="20230227 18:07:43.971" level="INFO">${passed} = False</msg>
<status status="PASS" starttime="20230227 18:07:43.970" endtime="20230227 18:07:43.971"></status>
</kw>
<kw name="Set Variable If" library="BuiltIn">
<doc>Sets variable based on the given condition.</doc>
<arguments>
<arg>${passed}</arg>
<arg>${EMPTY}</arg>
<arg>${text}</arg>
</arguments>
<assign>
<var>${error}</var>
</assign>
<msg timestamp="20230227 18:07:43.971" level="INFO">${error} = 字段值错误：{'uvip': '0'}
</msg>
<status status="PASS" starttime="20230227 18:07:43.971" endtime="20230227 18:07:43.971"></status>
</kw>
<msg timestamp="20230227 18:07:43.971" level="INFO">${errdata} = False</msg>
<msg timestamp="20230227 18:07:43.971" level="INFO">${error3} = 字段值错误：{'uvip': '0'}
</msg>
<status status="PASS" starttime="20230227 18:07:43.970" endtime="20230227 18:07:43.971"></status>
</kw>
<kw name="Evaluate" library="BuiltIn">
<doc>Evaluates the given expression in Python and returns the results.</doc>
<arguments>
<arg>${count}&amp;${field}&amp;${errdata}</arg>
</arguments>
<assign>
<var>${res}</var>
</assign>
<msg timestamp="20230227 18:07:43.972" level="INFO">${res} = False</msg>
<status status="PASS" starttime="20230227 18:07:43.971" endtime="20230227 18:07:43.972"></status>
</kw>
<kw name="Catenate" library="BuiltIn">
<doc>Catenates the given items together and returns the resulted string.</doc>
<arguments>
<arg>SEPARATOR=</arg>
<arg>${error1}</arg>
<arg>${error2}</arg>
<arg>${error3}</arg>
</arguments>
<assign>
<var>${error}</var>
</assign>
<msg timestamp="20230227 18:07:43.972" level="INFO">${error} = 字段值错误：{'uvip': '0'}
</msg>
<status status="PASS" starttime="20230227 18:07:43.972" endtime="20230227 18:07:43.972"></status>
</kw>
<kw name="Should Be True" library="BuiltIn">
<doc>Fails if the given condition is not true.</doc>
<arguments>
<arg>${res}</arg>
<arg>${error}</arg>
</arguments>
<msg timestamp="20230227 18:07:43.972" level="FAIL">字段值错误：{'uvip': '0'}
</msg>
<status status="FAIL" starttime="20230227 18:07:43.972" endtime="20230227 18:07:43.973"></status>
</kw>
<status status="FAIL" starttime="20230227 18:07:43.935" endtime="20230227 18:07:43.973"></status>
</kw>
<status status="FAIL" starttime="20230227 18:07:26.816" endtime="20230227 18:07:43.973" critical="yes">字段值错误：{'uvip': '0'}
</status>
</test>
<test id="s1-t3" name="推荐词点击search">
<kw name="公共－校验结果" library="公共">
<arguments>
<arg>${search_field}</arg>
<arg>ipad_search_001</arg>
<arg>mpp_search_data_ipad</arg>
<arg>1</arg>
</arguments>
<kw name="Check Result" library="auto">
<doc>校验结果
:param field: 要查询的域
:param platform: 平台类型
:param test_point: 测试点
:param field_table: 数据模板表
:param act_count: 校验条数
:return:</doc>
<arguments>
<arg>${field}</arg>
<arg>${platform}</arg>
<arg>${test_point}</arg>
<arg>${field_table}</arg>
<arg>${act_count}</arg>
</arguments>
<assign>
<var>${result}</var>
</assign>
<msg timestamp="20230227 18:07:43.974" level="INFO">check_result...</msg>
<msg timestamp="20230227 18:07:43.998" level="INFO">${result} = {'count': [1, ''], 'field': [1, ''], 'errdata': [1, '']}</msg>
<status status="PASS" starttime="20230227 18:07:43.974" endtime="20230227 18:07:43.999"></status>
</kw>
<kw name="公共-校验" library="公共">
<arguments>
<arg>${result['count'][0]}==1</arg>
<arg>条数错误：${result['count'][1]}\n</arg>
</arguments>
<assign>
<var>${count}</var>
<var>${error1}</var>
</assign>
<kw name="Evaluate" library="BuiltIn">
<doc>Evaluates the given expression in Python and returns the results.</doc>
<arguments>
<arg>${res}</arg>
</arguments>
<assign>
<var>${passed}</var>
</assign>
<msg timestamp="20230227 18:07:44.000" level="INFO">${passed} = True</msg>
<status status="PASS" starttime="20230227 18:07:43.999" endtime="20230227 18:07:44.000"></status>
</kw>
<kw name="Set Variable If" library="BuiltIn">
<doc>Sets variable based on the given condition.</doc>
<arguments>
<arg>${passed}</arg>
<arg>${EMPTY}</arg>
<arg>${text}</arg>
</arguments>
<assign>
<var>${error}</var>
</assign>
<msg timestamp="20230227 18:07:44.000" level="INFO">${error} = </msg>
<status status="PASS" starttime="20230227 18:07:44.000" endtime="20230227 18:07:44.000"></status>
</kw>
<msg timestamp="20230227 18:07:44.000" level="INFO">${count} = True</msg>
<msg timestamp="20230227 18:07:44.000" level="INFO">${error1} = </msg>
<status status="PASS" starttime="20230227 18:07:43.999" endtime="20230227 18:07:44.000"></status>
</kw>
<kw name="公共-校验" library="公共">
<arguments>
<arg>${result['field'][0]} ==1</arg>
<arg>字段错误：${result['field'][1]}\n</arg>
</arguments>
<assign>
<var>${field}</var>
<var>${error2}</var>
</assign>
<kw name="Evaluate" library="BuiltIn">
<doc>Evaluates the given expression in Python and returns the results.</doc>
<arguments>
<arg>${res}</arg>
</arguments>
<assign>
<var>${passed}</var>
</assign>
<msg timestamp="20230227 18:07:44.001" level="INFO">${passed} = True</msg>
<status status="PASS" starttime="20230227 18:07:44.001" endtime="20230227 18:07:44.001"></status>
</kw>
<kw name="Set Variable If" library="BuiltIn">
<doc>Sets variable based on the given condition.</doc>
<arguments>
<arg>${passed}</arg>
<arg>${EMPTY}</arg>
<arg>${text}</arg>
</arguments>
<assign>
<var>${error}</var>
</assign>
<msg timestamp="20230227 18:07:44.002" level="INFO">${error} = </msg>
<status status="PASS" starttime="20230227 18:07:44.001" endtime="20230227 18:07:44.002"></status>
</kw>
<msg timestamp="20230227 18:07:44.002" level="INFO">${field} = True</msg>
<msg timestamp="20230227 18:07:44.002" level="INFO">${error2} = </msg>
<status status="PASS" starttime="20230227 18:07:44.000" endtime="20230227 18:07:44.002"></status>
</kw>
<kw name="公共-校验" library="公共">
<arguments>
<arg>${result['errdata'][0]}==1</arg>
<arg>字段值错误：${result['errdata'][1]}\n</arg>
</arguments>
<assign>
<var>${errdata}</var>
<var>${error3}</var>
</assign>
<kw name="Evaluate" library="BuiltIn">
<doc>Evaluates the given expression in Python and returns the results.</doc>
<arguments>
<arg>${res}</arg>
</arguments>
<assign>
<var>${passed}</var>
</assign>
<msg timestamp="20230227 18:07:44.003" level="INFO">${passed} = True</msg>
<status status="PASS" starttime="20230227 18:07:44.003" endtime="20230227 18:07:44.003"></status>
</kw>
<kw name="Set Variable If" library="BuiltIn">
<doc>Sets variable based on the given condition.</doc>
<arguments>
<arg>${passed}</arg>
<arg>${EMPTY}</arg>
<arg>${text}</arg>
</arguments>
<assign>
<var>${error}</var>
</assign>
<msg timestamp="20230227 18:07:44.003" level="INFO">${error} = </msg>
<status status="PASS" starttime="20230227 18:07:44.003" endtime="20230227 18:07:44.003"></status>
</kw>
<msg timestamp="20230227 18:07:44.003" level="INFO">${errdata} = True</msg>
<msg timestamp="20230227 18:07:44.004" level="INFO">${error3} = </msg>
<status status="PASS" starttime="20230227 18:07:44.002" endtime="20230227 18:07:44.004"></status>
</kw>
<kw name="Evaluate" library="BuiltIn">
<doc>Evaluates the given expression in Python and returns the results.</doc>
<arguments>
<arg>${count}&amp;${field}&amp;${errdata}</arg>
</arguments>
<assign>
<var>${res}</var>
</assign>
<msg timestamp="20230227 18:07:44.004" level="INFO">${res} = True</msg>
<status status="PASS" starttime="20230227 18:07:44.004" endtime="20230227 18:07:44.004"></status>
</kw>
<kw name="Catenate" library="BuiltIn">
<doc>Catenates the given items together and returns the resulted string.</doc>
<arguments>
<arg>SEPARATOR=</arg>
<arg>${error1}</arg>
<arg>${error2}</arg>
<arg>${error3}</arg>
</arguments>
<assign>
<var>${error}</var>
</assign>
<msg timestamp="20230227 18:07:44.004" level="INFO">${error} = </msg>
<status status="PASS" starttime="20230227 18:07:44.004" endtime="20230227 18:07:44.004"></status>
</kw>
<kw name="Should Be True" library="BuiltIn">
<doc>Fails if the given condition is not true.</doc>
<arguments>
<arg>${res}</arg>
<arg>${error}</arg>
</arguments>
<status status="PASS" starttime="20230227 18:07:44.004" endtime="20230227 18:07:44.005"></status>
</kw>
<status status="PASS" starttime="20230227 18:07:43.974" endtime="20230227 18:07:44.005"></status>
</kw>
<status status="PASS" starttime="20230227 18:07:43.973" endtime="20230227 18:07:44.005" critical="yes"></status>
</test>
<test id="s1-t4" name="推荐词点击click">
<kw name="公共－校验结果" library="公共">
<arguments>
<arg>${click_field}</arg>
<arg>ipad_click_025</arg>
<arg>mpp_click_data_ipad</arg>
<arg>1</arg>
</arguments>
<kw name="Check Result" library="auto">
<doc>校验结果
:param field: 要查询的域
:param platform: 平台类型
:param test_point: 测试点
:param field_table: 数据模板表
:param act_count: 校验条数
:return:</doc>
<arguments>
<arg>${field}</arg>
<arg>${platform}</arg>
<arg>${test_point}</arg>
<arg>${field_table}</arg>
<arg>${act_count}</arg>
</arguments>
<assign>
<var>${result}</var>
</assign>
<msg timestamp="20230227 18:07:44.007" level="INFO">check_result...</msg>
<msg timestamp="20230227 18:07:44.027" level="INFO">${result} = {'count': [1, ''], 'field': [1, ''], 'errdata': [1, '']}</msg>
<status status="PASS" starttime="20230227 18:07:44.006" endtime="20230227 18:07:44.027"></status>
</kw>
<kw name="公共-校验" library="公共">
<arguments>
<arg>${result['count'][0]}==1</arg>
<arg>条数错误：${result['count'][1]}\n</arg>
</arguments>
<assign>
<var>${count}</var>
<var>${error1}</var>
</assign>
<kw name="Evaluate" library="BuiltIn">
<doc>Evaluates the given expression in Python and returns the results.</doc>
<arguments>
<arg>${res}</arg>
</arguments>
<assign>
<var>${passed}</var>
</assign>
<msg timestamp="20230227 18:07:44.029" level="INFO">${passed} = True</msg>
<status status="PASS" starttime="20230227 18:07:44.028" endtime="20230227 18:07:44.029"></status>
</kw>
<kw name="Set Variable If" library="BuiltIn">
<doc>Sets variable based on the given condition.</doc>
<arguments>
<arg>${passed}</arg>
<arg>${EMPTY}</arg>
<arg>${text}</arg>
</arguments>
<assign>
<var>${error}</var>
</assign>
<msg timestamp="20230227 18:07:44.029" level="INFO">${error} = </msg>
<status status="PASS" starttime="20230227 18:07:44.029" endtime="20230227 18:07:44.029"></status>
</kw>
<msg timestamp="20230227 18:07:44.029" level="INFO">${count} = True</msg>
<msg timestamp="20230227 18:07:44.029" level="INFO">${error1} = </msg>
<status status="PASS" starttime="20230227 18:07:44.028" endtime="20230227 18:07:44.029"></status>
</kw>
<kw name="公共-校验" library="公共">
<arguments>
<arg>${result['field'][0]} ==1</arg>
<arg>字段错误：${result['field'][1]}\n</arg>
</arguments>
<assign>
<var>${field}</var>
<var>${error2}</var>
</assign>
<kw name="Evaluate" library="BuiltIn">
<doc>Evaluates the given expression in Python and returns the results.</doc>
<arguments>
<arg>${res}</arg>
</arguments>
<assign>
<var>${passed}</var>
</assign>
<msg timestamp="20230227 18:07:44.030" level="INFO">${passed} = True</msg>
<status status="PASS" starttime="20230227 18:07:44.030" endtime="20230227 18:07:44.031"></status>
</kw>
<kw name="Set Variable If" library="BuiltIn">
<doc>Sets variable based on the given condition.</doc>
<arguments>
<arg>${passed}</arg>
<arg>${EMPTY}</arg>
<arg>${text}</arg>
</arguments>
<assign>
<var>${error}</var>
</assign>
<msg timestamp="20230227 18:07:44.031" level="INFO">${error} = </msg>
<status status="PASS" starttime="20230227 18:07:44.031" endtime="20230227 18:07:44.031"></status>
</kw>
<msg timestamp="20230227 18:07:44.031" level="INFO">${field} = True</msg>
<msg timestamp="20230227 18:07:44.031" level="INFO">${error2} = </msg>
<status status="PASS" starttime="20230227 18:07:44.029" endtime="20230227 18:07:44.031"></status>
</kw>
<kw name="公共-校验" library="公共">
<arguments>
<arg>${result['errdata'][0]}==1</arg>
<arg>字段值错误：${result['errdata'][1]}\n</arg>
</arguments>
<assign>
<var>${errdata}</var>
<var>${error3}</var>
</assign>
<kw name="Evaluate" library="BuiltIn">
<doc>Evaluates the given expression in Python and returns the results.</doc>
<arguments>
<arg>${res}</arg>
</arguments>
<assign>
<var>${passed}</var>
</assign>
<msg timestamp="20230227 18:07:44.032" level="INFO">${passed} = True</msg>
<status status="PASS" starttime="20230227 18:07:44.032" endtime="20230227 18:07:44.032"></status>
</kw>
<kw name="Set Variable If" library="BuiltIn">
<doc>Sets variable based on the given condition.</doc>
<arguments>
<arg>${passed}</arg>
<arg>${EMPTY}</arg>
<arg>${text}</arg>
</arguments>
<assign>
<var>${error}</var>
</assign>
<msg timestamp="20230227 18:07:44.033" level="INFO">${error} = </msg>
<status status="PASS" starttime="20230227 18:07:44.032" endtime="20230227 18:07:44.033"></status>
</kw>
<msg timestamp="20230227 18:07:44.033" level="INFO">${errdata} = True</msg>
<msg timestamp="20230227 18:07:44.033" level="INFO">${error3} = </msg>
<status status="PASS" starttime="20230227 18:07:44.032" endtime="20230227 18:07:44.033"></status>
</kw>
<kw name="Evaluate" library="BuiltIn">
<doc>Evaluates the given expression in Python and returns the results.</doc>
<arguments>
<arg>${count}&amp;${field}&amp;${errdata}</arg>
</arguments>
<assign>
<var>${res}</var>
</assign>
<msg timestamp="20230227 18:07:44.033" level="INFO">${res} = True</msg>
<status status="PASS" starttime="20230227 18:07:44.033" endtime="20230227 18:07:44.033"></status>
</kw>
<kw name="Catenate" library="BuiltIn">
<doc>Catenates the given items together and returns the resulted string.</doc>
<arguments>
<arg>SEPARATOR=</arg>
<arg>${error1}</arg>
<arg>${error2}</arg>
<arg>${error3}</arg>
</arguments>
<assign>
<var>${error}</var>
</assign>
<msg timestamp="20230227 18:07:44.034" level="INFO">${error} = </msg>
<status status="PASS" starttime="20230227 18:07:44.033" endtime="20230227 18:07:44.034"></status>
</kw>
<kw name="Should Be True" library="BuiltIn">
<doc>Fails if the given condition is not true.</doc>
<arguments>
<arg>${res}</arg>
<arg>${error}</arg>
</arguments>
<status status="PASS" starttime="20230227 18:07:44.034" endtime="20230227 18:07:44.034"></status>
</kw>
<status status="PASS" starttime="20230227 18:07:44.006" endtime="20230227 18:07:44.034"></status>
</kw>
<status status="PASS" starttime="20230227 18:07:44.005" endtime="20230227 18:07:44.034" critical="yes"></status>
</test>
<test id="s1-t5" name="返回推荐页pvs">
<kw name="公共－清除数据" library="公共">
<kw name="Sleep" library="BuiltIn">
<doc>Pauses the test executed for the given time.</doc>
<arguments>
<arg>3</arg>
</arguments>
<msg timestamp="20230227 18:07:47.036" level="INFO">Slept 3 seconds</msg>
<status status="PASS" starttime="20230227 18:07:44.035" endtime="20230227 18:07:47.037"></status>
</kw>
<kw name="Delete Data" library="auto">
<doc>删除临时表的数据</doc>
<arguments>
<arg>${platform}</arg>
</arguments>
<msg timestamp="20230227 18:07:47.037" level="INFO">delete_data...</msg>
<status status="PASS" starttime="20230227 18:07:47.037" endtime="20230227 18:07:47.054"></status>
</kw>
<kw name="Sleep" library="BuiltIn">
<doc>Pauses the test executed for the given time.</doc>
<arguments>
<arg>5</arg>
</arguments>
<msg timestamp="20230227 18:07:52.055" level="INFO">Slept 5 seconds</msg>
<status status="PASS" starttime="20230227 18:07:47.054" endtime="20230227 18:07:52.055"></status>
</kw>
<status status="PASS" starttime="20230227 18:07:44.035" endtime="20230227 18:07:52.055"></status>
</kw>
<kw name="Sleep" library="BuiltIn">
<doc>Pauses the test executed for the given time.</doc>
<arguments>
<arg>3</arg>
</arguments>
<msg timestamp="20230227 18:07:55.057" level="INFO">Slept 3 seconds</msg>
<status status="PASS" starttime="20230227 18:07:52.055" endtime="20230227 18:07:55.057"></status>
</kw>
<kw name="点播播放页－返回" library="点播">
<kw name="Sleep" library="BuiltIn">
<doc>Pauses the test executed for the given time.</doc>
<arguments>
<arg>5</arg>
</arguments>
<msg timestamp="20230227 18:08:00.058" level="INFO">Slept 5 seconds</msg>
<status status="PASS" starttime="20230227 18:07:55.057" endtime="20230227 18:08:00.058"></status>
</kw>
<kw name="Tap" library="AppiumLibrary">
<doc>Tap element identified by ``locator``.</doc>
<arguments>
<arg>name=player back icon</arg>
<arg>5</arg>
<arg>5</arg>
</arguments>
<status status="PASS" starttime="20230227 18:08:00.058" endtime="20230227 18:08:02.971"></status>
</kw>
<kw name="Sleep" library="BuiltIn">
<doc>Pauses the test executed for the given time.</doc>
<arguments>
<arg>3</arg>
</arguments>
<msg timestamp="20230227 18:08:05.974" level="INFO">Slept 3 seconds</msg>
<status status="PASS" starttime="20230227 18:08:02.972" endtime="20230227 18:08:05.975"></status>
</kw>
<status status="PASS" starttime="20230227 18:07:55.057" endtime="20230227 18:08:05.975"></status>
</kw>
<kw name="公共－校验结果" library="公共">
<arguments>
<arg>${pvs_field}</arg>
<arg>search_030</arg>
<arg>mpp_pvs_ipad</arg>
<arg>1</arg>
</arguments>
<kw name="Check Result" library="auto">
<doc>校验结果
:param field: 要查询的域
:param platform: 平台类型
:param test_point: 测试点
:param field_table: 数据模板表
:param act_count: 校验条数
:return:</doc>
<arguments>
<arg>${field}</arg>
<arg>${platform}</arg>
<arg>${test_point}</arg>
<arg>${field_table}</arg>
<arg>${act_count}</arg>
</arguments>
<assign>
<var>${result}</var>
</assign>
<msg timestamp="20230227 18:08:05.976" level="INFO">check_result...</msg>
<msg timestamp="20230227 18:08:06.001" level="INFO">${result} = {'count': [1, ''], 'field': [1, ''], 'errdata': [0, {'uvip': '0'}]}</msg>
<status status="PASS" starttime="20230227 18:08:05.975" endtime="20230227 18:08:06.001"></status>
</kw>
<kw name="公共-校验" library="公共">
<arguments>
<arg>${result['count'][0]}==1</arg>
<arg>条数错误：${result['count'][1]}\n</arg>
</arguments>
<assign>
<var>${count}</var>
<var>${error1}</var>
</assign>
<kw name="Evaluate" library="BuiltIn">
<doc>Evaluates the given expression in Python and returns the results.</doc>
<arguments>
<arg>${res}</arg>
</arguments>
<assign>
<var>${passed}</var>
</assign>
<msg timestamp="20230227 18:08:06.002" level="INFO">${passed} = True</msg>
<status status="PASS" starttime="20230227 18:08:06.002" endtime="20230227 18:08:06.002"></status>
</kw>
<kw name="Set Variable If" library="BuiltIn">
<doc>Sets variable based on the given condition.</doc>
<arguments>
<arg>${passed}</arg>
<arg>${EMPTY}</arg>
<arg>${text}</arg>
</arguments>
<assign>
<var>${error}</var>
</assign>
<msg timestamp="20230227 18:08:06.003" level="INFO">${error} = </msg>
<status status="PASS" starttime="20230227 18:08:06.003" endtime="20230227 18:08:06.003"></status>
</kw>
<msg timestamp="20230227 18:08:06.003" level="INFO">${count} = True</msg>
<msg timestamp="20230227 18:08:06.003" level="INFO">${error1} = </msg>
<status status="PASS" starttime="20230227 18:08:06.001" endtime="20230227 18:08:06.003"></status>
</kw>
<kw name="公共-校验" library="公共">
<arguments>
<arg>${result['field'][0]} ==1</arg>
<arg>字段错误：${result['field'][1]}\n</arg>
</arguments>
<assign>
<var>${field}</var>
<var>${error2}</var>
</assign>
<kw name="Evaluate" library="BuiltIn">
<doc>Evaluates the given expression in Python and returns the results.</doc>
<arguments>
<arg>${res}</arg>
</arguments>
<assign>
<var>${passed}</var>
</assign>
<msg timestamp="20230227 18:08:06.004" level="INFO">${passed} = True</msg>
<status status="PASS" starttime="20230227 18:08:06.004" endtime="20230227 18:08:06.004"></status>
</kw>
<kw name="Set Variable If" library="BuiltIn">
<doc>Sets variable based on the given condition.</doc>
<arguments>
<arg>${passed}</arg>
<arg>${EMPTY}</arg>
<arg>${text}</arg>
</arguments>
<assign>
<var>${error}</var>
</assign>
<msg timestamp="20230227 18:08:06.005" level="INFO">${error} = </msg>
<status status="PASS" starttime="20230227 18:08:06.004" endtime="20230227 18:08:06.005"></status>
</kw>
<msg timestamp="20230227 18:08:06.005" level="INFO">${field} = True</msg>
<msg timestamp="20230227 18:08:06.005" level="INFO">${error2} = </msg>
<status status="PASS" starttime="20230227 18:08:06.003" endtime="20230227 18:08:06.005"></status>
</kw>
<kw name="公共-校验" library="公共">
<arguments>
<arg>${result['errdata'][0]}==1</arg>
<arg>字段值错误：${result['errdata'][1]}\n</arg>
</arguments>
<assign>
<var>${errdata}</var>
<var>${error3}</var>
</assign>
<kw name="Evaluate" library="BuiltIn">
<doc>Evaluates the given expression in Python and returns the results.</doc>
<arguments>
<arg>${res}</arg>
</arguments>
<assign>
<var>${passed}</var>
</assign>
<msg timestamp="20230227 18:08:06.007" level="INFO">${passed} = False</msg>
<status status="PASS" starttime="20230227 18:08:06.006" endtime="20230227 18:08:06.007"></status>
</kw>
<kw name="Set Variable If" library="BuiltIn">
<doc>Sets variable based on the given condition.</doc>
<arguments>
<arg>${passed}</arg>
<arg>${EMPTY}</arg>
<arg>${text}</arg>
</arguments>
<assign>
<var>${error}</var>
</assign>
<msg timestamp="20230227 18:08:06.007" level="INFO">${error} = 字段值错误：{'uvip': '0'}
</msg>
<status status="PASS" starttime="20230227 18:08:06.007" endtime="20230227 18:08:06.007"></status>
</kw>
<msg timestamp="20230227 18:08:06.007" level="INFO">${errdata} = False</msg>
<msg timestamp="20230227 18:08:06.007" level="INFO">${error3} = 字段值错误：{'uvip': '0'}
</msg>
<status status="PASS" starttime="20230227 18:08:06.005" endtime="20230227 18:08:06.007"></status>
</kw>
<kw name="Evaluate" library="BuiltIn">
<doc>Evaluates the given expression in Python and returns the results.</doc>
<arguments>
<arg>${count}&amp;${field}&amp;${errdata}</arg>
</arguments>
<assign>
<var>${res}</var>
</assign>
<msg timestamp="20230227 18:08:06.008" level="INFO">${res} = False</msg>
<status status="PASS" starttime="20230227 18:08:06.007" endtime="20230227 18:08:06.008"></status>
</kw>
<kw name="Catenate" library="BuiltIn">
<doc>Catenates the given items together and returns the resulted string.</doc>
<arguments>
<arg>SEPARATOR=</arg>
<arg>${error1}</arg>
<arg>${error2}</arg>
<arg>${error3}</arg>
</arguments>
<assign>
<var>${error}</var>
</assign>
<msg timestamp="20230227 18:08:06.010" level="INFO">${error} = 字段值错误：{'uvip': '0'}
</msg>
<status status="PASS" starttime="20230227 18:08:06.010" endtime="20230227 18:08:06.010"></status>
</kw>
<kw name="Should Be True" library="BuiltIn">
<doc>Fails if the given condition is not true.</doc>
<arguments>
<arg>${res}</arg>
<arg>${error}</arg>
</arguments>
<msg timestamp="20230227 18:08:06.010" level="FAIL">字段值错误：{'uvip': '0'}
</msg>
<status status="FAIL" starttime="20230227 18:08:06.010" endtime="20230227 18:08:06.011"></status>
</kw>
<status status="FAIL" starttime="20230227 18:08:05.975" endtime="20230227 18:08:06.011"></status>
</kw>
<status status="FAIL" starttime="20230227 18:07:44.035" endtime="20230227 18:08:06.011" critical="yes">字段值错误：{'uvip': '0'}
</status>
</test>
<test id="s1-t6" name="点推荐词跳结果页pvs">
<kw name="公共－清除数据" library="公共">
<kw name="Sleep" library="BuiltIn">
<doc>Pauses the test executed for the given time.</doc>
<arguments>
<arg>3</arg>
</arguments>
<msg timestamp="20230227 18:08:09.013" level="INFO">Slept 3 seconds</msg>
<status status="PASS" starttime="20230227 18:08:06.012" endtime="20230227 18:08:09.013"></status>
</kw>
<kw name="Delete Data" library="auto">
<doc>删除临时表的数据</doc>
<arguments>
<arg>${platform}</arg>
</arguments>
<msg timestamp="20230227 18:08:09.014" level="INFO">delete_data...</msg>
<status status="PASS" starttime="20230227 18:08:09.013" endtime="20230227 18:08:09.029"></status>
</kw>
<kw name="Sleep" library="BuiltIn">
<doc>Pauses the test executed for the given time.</doc>
<arguments>
<arg>5</arg>
</arguments>
<msg timestamp="20230227 18:08:14.029" level="INFO">Slept 5 seconds</msg>
<status status="PASS" starttime="20230227 18:08:09.029" endtime="20230227 18:08:14.029"></status>
</kw>
<status status="PASS" starttime="20230227 18:08:06.012" endtime="20230227 18:08:14.030"></status>
</kw>
<kw name="Sleep" library="BuiltIn">
<doc>Pauses the test executed for the given time.</doc>
<arguments>
<arg>2</arg>
</arguments>
<msg timestamp="20230227 18:08:16.031" level="INFO">Slept 2 seconds</msg>
<status status="PASS" starttime="20230227 18:08:14.030" endtime="20230227 18:08:16.032"></status>
</kw>
<kw name="公共－xpath" library="公共">
<arguments>
<arg>//XCUIElementTypeStaticText[@name="向往的生活 第六季"]/preceding-sibling::XCUIElementTypeButton[1]</arg>
</arguments>
<kw name="Sleep" library="BuiltIn">
<doc>Pauses the test executed for the given time.</doc>
<arguments>
<arg>1</arg>
</arguments>
<msg timestamp="20230227 18:08:17.033" level="INFO">Slept 1 second</msg>
<status status="PASS" starttime="20230227 18:08:16.032" endtime="20230227 18:08:17.033"></status>
</kw>
<kw name="Click Element" library="AppiumLibrary">
<doc>Click element identified by `locator`.</doc>
<arguments>
<arg>xpath=${text}</arg>
</arguments>
<msg timestamp="20230227 18:08:17.035" level="INFO">Clicking element 'xpath=//XCUIElementTypeStaticText[@name="向往的生活 第六季"]/preceding-sibling::XCUIElementTypeButton[1]'.</msg>
<status status="PASS" starttime="20230227 18:08:17.033" endtime="20230227 18:08:21.643"></status>
</kw>
<kw name="Sleep" library="BuiltIn">
<doc>Pauses the test executed for the given time.</doc>
<arguments>
<arg>2</arg>
</arguments>
<msg timestamp="20230227 18:08:23.644" level="INFO">Slept 2 seconds</msg>
<status status="PASS" starttime="20230227 18:08:21.643" endtime="20230227 18:08:23.644"></status>
</kw>
<status status="PASS" starttime="20230227 18:08:16.032" endtime="20230227 18:08:23.644"></status>
</kw>
<kw name="公共－校验结果" library="公共">
<arguments>
<arg>${pvs_field}</arg>
<arg>search_031</arg>
<arg>mpp_pvs_ipad</arg>
<arg>1</arg>
</arguments>
<kw name="Check Result" library="auto">
<doc>校验结果
:param field: 要查询的域
:param platform: 平台类型
:param test_point: 测试点
:param field_table: 数据模板表
:param act_count: 校验条数
:return:</doc>
<arguments>
<arg>${field}</arg>
<arg>${platform}</arg>
<arg>${test_point}</arg>
<arg>${field_table}</arg>
<arg>${act_count}</arg>
</arguments>
<assign>
<var>${result}</var>
</assign>
<msg timestamp="20230227 18:08:23.645" level="INFO">check_result...</msg>
<msg timestamp="20230227 18:08:23.671" level="INFO">${result} = {'count': [1, ''], 'field': [1, ''], 'errdata': [0, {'uvip': '0'}]}</msg>
<status status="PASS" starttime="20230227 18:08:23.645" endtime="20230227 18:08:23.671"></status>
</kw>
<kw name="公共-校验" library="公共">
<arguments>
<arg>${result['count'][0]}==1</arg>
<arg>条数错误：${result['count'][1]}\n</arg>
</arguments>
<assign>
<var>${count}</var>
<var>${error1}</var>
</assign>
<kw name="Evaluate" library="BuiltIn">
<doc>Evaluates the given expression in Python and returns the results.</doc>
<arguments>
<arg>${res}</arg>
</arguments>
<assign>
<var>${passed}</var>
</assign>
<msg timestamp="20230227 18:08:23.673" level="INFO">${passed} = True</msg>
<status status="PASS" starttime="20230227 18:08:23.672" endtime="20230227 18:08:23.673"></status>
</kw>
<kw name="Set Variable If" library="BuiltIn">
<doc>Sets variable based on the given condition.</doc>
<arguments>
<arg>${passed}</arg>
<arg>${EMPTY}</arg>
<arg>${text}</arg>
</arguments>
<assign>
<var>${error}</var>
</assign>
<msg timestamp="20230227 18:08:23.674" level="INFO">${error} = </msg>
<status status="PASS" starttime="20230227 18:08:23.673" endtime="20230227 18:08:23.674"></status>
</kw>
<msg timestamp="20230227 18:08:23.674" level="INFO">${count} = True</msg>
<msg timestamp="20230227 18:08:23.674" level="INFO">${error1} = </msg>
<status status="PASS" starttime="20230227 18:08:23.672" endtime="20230227 18:08:23.674"></status>
</kw>
<kw name="公共-校验" library="公共">
<arguments>
<arg>${result['field'][0]} ==1</arg>
<arg>字段错误：${result['field'][1]}\n</arg>
</arguments>
<assign>
<var>${field}</var>
<var>${error2}</var>
</assign>
<kw name="Evaluate" library="BuiltIn">
<doc>Evaluates the given expression in Python and returns the results.</doc>
<arguments>
<arg>${res}</arg>
</arguments>
<assign>
<var>${passed}</var>
</assign>
<msg timestamp="20230227 18:08:23.676" level="INFO">${passed} = True</msg>
<status status="PASS" starttime="20230227 18:08:23.675" endtime="20230227 18:08:23.677"></status>
</kw>
<kw name="Set Variable If" library="BuiltIn">
<doc>Sets variable based on the given condition.</doc>
<arguments>
<arg>${passed}</arg>
<arg>${EMPTY}</arg>
<arg>${text}</arg>
</arguments>
<assign>
<var>${error}</var>
</assign>
<msg timestamp="20230227 18:08:23.677" level="INFO">${error} = </msg>
<status status="PASS" starttime="20230227 18:08:23.677" endtime="20230227 18:08:23.677"></status>
</kw>
<msg timestamp="20230227 18:08:23.677" level="INFO">${field} = True</msg>
<msg timestamp="20230227 18:08:23.677" level="INFO">${error2} = </msg>
<status status="PASS" starttime="20230227 18:08:23.674" endtime="20230227 18:08:23.677"></status>
</kw>
<kw name="公共-校验" library="公共">
<arguments>
<arg>${result['errdata'][0]}==1</arg>
<arg>字段值错误：${result['errdata'][1]}\n</arg>
</arguments>
<assign>
<var>${errdata}</var>
<var>${error3}</var>
</assign>
<kw name="Evaluate" library="BuiltIn">
<doc>Evaluates the given expression in Python and returns the results.</doc>
<arguments>
<arg>${res}</arg>
</arguments>
<assign>
<var>${passed}</var>
</assign>
<msg timestamp="20230227 18:08:23.678" level="INFO">${passed} = False</msg>
<status status="PASS" starttime="20230227 18:08:23.678" endtime="20230227 18:08:23.678"></status>
</kw>
<kw name="Set Variable If" library="BuiltIn">
<doc>Sets variable based on the given condition.</doc>
<arguments>
<arg>${passed}</arg>
<arg>${EMPTY}</arg>
<arg>${text}</arg>
</arguments>
<assign>
<var>${error}</var>
</assign>
<msg timestamp="20230227 18:08:23.678" level="INFO">${error} = 字段值错误：{'uvip': '0'}
</msg>
<status status="PASS" starttime="20230227 18:08:23.678" endtime="20230227 18:08:23.678"></status>
</kw>
<msg timestamp="20230227 18:08:23.679" level="INFO">${errdata} = False</msg>
<msg timestamp="20230227 18:08:23.679" level="INFO">${error3} = 字段值错误：{'uvip': '0'}
</msg>
<status status="PASS" starttime="20230227 18:08:23.677" endtime="20230227 18:08:23.679"></status>
</kw>
<kw name="Evaluate" library="BuiltIn">
<doc>Evaluates the given expression in Python and returns the results.</doc>
<arguments>
<arg>${count}&amp;${field}&amp;${errdata}</arg>
</arguments>
<assign>
<var>${res}</var>
</assign>
<msg timestamp="20230227 18:08:23.679" level="INFO">${res} = False</msg>
<status status="PASS" starttime="20230227 18:08:23.679" endtime="20230227 18:08:23.679"></status>
</kw>
<kw name="Catenate" library="BuiltIn">
<doc>Catenates the given items together and returns the resulted string.</doc>
<arguments>
<arg>SEPARATOR=</arg>
<arg>${error1}</arg>
<arg>${error2}</arg>
<arg>${error3}</arg>
</arguments>
<assign>
<var>${error}</var>
</assign>
<msg timestamp="20230227 18:08:23.679" level="INFO">${error} = 字段值错误：{'uvip': '0'}
</msg>
<status status="PASS" starttime="20230227 18:08:23.679" endtime="20230227 18:08:23.680"></status>
</kw>
<kw name="Should Be True" library="BuiltIn">
<doc>Fails if the given condition is not true.</doc>
<arguments>
<arg>${res}</arg>
<arg>${error}</arg>
</arguments>
<msg timestamp="20230227 18:08:23.680" level="FAIL">字段值错误：{'uvip': '0'}
</msg>
<status status="FAIL" starttime="20230227 18:08:23.680" endtime="20230227 18:08:23.680"></status>
</kw>
<status status="FAIL" starttime="20230227 18:08:23.644" endtime="20230227 18:08:23.680"></status>
</kw>
<status status="FAIL" starttime="20230227 18:08:06.011" endtime="20230227 18:08:23.680" critical="yes">字段值错误：{'uvip': '0'}
</status>
</test>
<test id="s1-t7" name="推荐词2点击search">
<kw name="公共－校验结果" library="公共">
<arguments>
<arg>${search_field}</arg>
<arg>ipad_search_001</arg>
<arg>mpp_search_data_ipad</arg>
<arg>1</arg>
</arguments>
<kw name="Check Result" library="auto">
<doc>校验结果
:param field: 要查询的域
:param platform: 平台类型
:param test_point: 测试点
:param field_table: 数据模板表
:param act_count: 校验条数
:return:</doc>
<arguments>
<arg>${field}</arg>
<arg>${platform}</arg>
<arg>${test_point}</arg>
<arg>${field_table}</arg>
<arg>${act_count}</arg>
</arguments>
<assign>
<var>${result}</var>
</assign>
<msg timestamp="20230227 18:08:23.682" level="INFO">check_result...</msg>
<msg timestamp="20230227 18:08:23.703" level="INFO">${result} = {'count': [1, ''], 'field': [1, ''], 'errdata': [1, '']}</msg>
<status status="PASS" starttime="20230227 18:08:23.682" endtime="20230227 18:08:23.703"></status>
</kw>
<kw name="公共-校验" library="公共">
<arguments>
<arg>${result['count'][0]}==1</arg>
<arg>条数错误：${result['count'][1]}\n</arg>
</arguments>
<assign>
<var>${count}</var>
<var>${error1}</var>
</assign>
<kw name="Evaluate" library="BuiltIn">
<doc>Evaluates the given expression in Python and returns the results.</doc>
<arguments>
<arg>${res}</arg>
</arguments>
<assign>
<var>${passed}</var>
</assign>
<msg timestamp="20230227 18:08:23.704" level="INFO">${passed} = True</msg>
<status status="PASS" starttime="20230227 18:08:23.704" endtime="20230227 18:08:23.704"></status>
</kw>
<kw name="Set Variable If" library="BuiltIn">
<doc>Sets variable based on the given condition.</doc>
<arguments>
<arg>${passed}</arg>
<arg>${EMPTY}</arg>
<arg>${text}</arg>
</arguments>
<assign>
<var>${error}</var>
</assign>
<msg timestamp="20230227 18:08:23.705" level="INFO">${error} = </msg>
<status status="PASS" starttime="20230227 18:08:23.704" endtime="20230227 18:08:23.705"></status>
</kw>
<msg timestamp="20230227 18:08:23.705" level="INFO">${count} = True</msg>
<msg timestamp="20230227 18:08:23.705" level="INFO">${error1} = </msg>
<status status="PASS" starttime="20230227 18:08:23.703" endtime="20230227 18:08:23.705"></status>
</kw>
<kw name="公共-校验" library="公共">
<arguments>
<arg>${result['field'][0]} ==1</arg>
<arg>字段错误：${result['field'][1]}\n</arg>
</arguments>
<assign>
<var>${field}</var>
<var>${error2}</var>
</assign>
<kw name="Evaluate" library="BuiltIn">
<doc>Evaluates the given expression in Python and returns the results.</doc>
<arguments>
<arg>${res}</arg>
</arguments>
<assign>
<var>${passed}</var>
</assign>
<msg timestamp="20230227 18:08:23.707" level="INFO">${passed} = True</msg>
<status status="PASS" starttime="20230227 18:08:23.706" endtime="20230227 18:08:23.707"></status>
</kw>
<kw name="Set Variable If" library="BuiltIn">
<doc>Sets variable based on the given condition.</doc>
<arguments>
<arg>${passed}</arg>
<arg>${EMPTY}</arg>
<arg>${text}</arg>
</arguments>
<assign>
<var>${error}</var>
</assign>
<msg timestamp="20230227 18:08:23.708" level="INFO">${error} = </msg>
<status status="PASS" starttime="20230227 18:08:23.707" endtime="20230227 18:08:23.708"></status>
</kw>
<msg timestamp="20230227 18:08:23.708" level="INFO">${field} = True</msg>
<msg timestamp="20230227 18:08:23.708" level="INFO">${error2} = </msg>
<status status="PASS" starttime="20230227 18:08:23.706" endtime="20230227 18:08:23.708"></status>
</kw>
<kw name="公共-校验" library="公共">
<arguments>
<arg>${result['errdata'][0]}==1</arg>
<arg>字段值错误：${result['errdata'][1]}\n</arg>
</arguments>
<assign>
<var>${errdata}</var>
<var>${error3}</var>
</assign>
<kw name="Evaluate" library="BuiltIn">
<doc>Evaluates the given expression in Python and returns the results.</doc>
<arguments>
<arg>${res}</arg>
</arguments>
<assign>
<var>${passed}</var>
</assign>
<msg timestamp="20230227 18:08:23.710" level="INFO">${passed} = True</msg>
<status status="PASS" starttime="20230227 18:08:23.710" endtime="20230227 18:08:23.710"></status>
</kw>
<kw name="Set Variable If" library="BuiltIn">
<doc>Sets variable based on the given condition.</doc>
<arguments>
<arg>${passed}</arg>
<arg>${EMPTY}</arg>
<arg>${text}</arg>
</arguments>
<assign>
<var>${error}</var>
</assign>
<msg timestamp="20230227 18:08:23.711" level="INFO">${error} = </msg>
<status status="PASS" starttime="20230227 18:08:23.710" endtime="20230227 18:08:23.711"></status>
</kw>
<msg timestamp="20230227 18:08:23.711" level="INFO">${errdata} = True</msg>
<msg timestamp="20230227 18:08:23.711" level="INFO">${error3} = </msg>
<status status="PASS" starttime="20230227 18:08:23.708" endtime="20230227 18:08:23.711"></status>
</kw>
<kw name="Evaluate" library="BuiltIn">
<doc>Evaluates the given expression in Python and returns the results.</doc>
<arguments>
<arg>${count}&amp;${field}&amp;${errdata}</arg>
</arguments>
<assign>
<var>${res}</var>
</assign>
<msg timestamp="20230227 18:08:23.711" level="INFO">${res} = True</msg>
<status status="PASS" starttime="20230227 18:08:23.711" endtime="20230227 18:08:23.711"></status>
</kw>
<kw name="Catenate" library="BuiltIn">
<doc>Catenates the given items together and returns the resulted string.</doc>
<arguments>
<arg>SEPARATOR=</arg>
<arg>${error1}</arg>
<arg>${error2}</arg>
<arg>${error3}</arg>
</arguments>
<assign>
<var>${error}</var>
</assign>
<msg timestamp="20230227 18:08:23.712" level="INFO">${error} = </msg>
<status status="PASS" starttime="20230227 18:08:23.711" endtime="20230227 18:08:23.712"></status>
</kw>
<kw name="Should Be True" library="BuiltIn">
<doc>Fails if the given condition is not true.</doc>
<arguments>
<arg>${res}</arg>
<arg>${error}</arg>
</arguments>
<status status="PASS" starttime="20230227 18:08:23.712" endtime="20230227 18:08:23.712"></status>
</kw>
<status status="PASS" starttime="20230227 18:08:23.681" endtime="20230227 18:08:23.712"></status>
</kw>
<status status="PASS" starttime="20230227 18:08:23.680" endtime="20230227 18:08:23.712" critical="yes"></status>
</test>
<test id="s1-t8" name="推荐词2view">
<kw name="公共－校验结果" library="公共">
<arguments>
<arg>${view_field}</arg>
<arg>ipad_view_001</arg>
<arg>mpp_view_data_ipad</arg>
<arg>1</arg>
</arguments>
<kw name="Check Result" library="auto">
<doc>校验结果
:param field: 要查询的域
:param platform: 平台类型
:param test_point: 测试点
:param field_table: 数据模板表
:param act_count: 校验条数
:return:</doc>
<arguments>
<arg>${field}</arg>
<arg>${platform}</arg>
<arg>${test_point}</arg>
<arg>${field_table}</arg>
<arg>${act_count}</arg>
</arguments>
<assign>
<var>${result}</var>
</assign>
<msg timestamp="20230227 18:08:23.714" level="INFO">check_result...</msg>
<msg timestamp="20230227 18:08:23.746" level="INFO">${result} = {'count': [1, ''], 'field': [1, ''], 'errdata': [1, '']}</msg>
<status status="PASS" starttime="20230227 18:08:23.714" endtime="20230227 18:08:23.746"></status>
</kw>
<kw name="公共-校验" library="公共">
<arguments>
<arg>${result['count'][0]}==1</arg>
<arg>条数错误：${result['count'][1]}\n</arg>
</arguments>
<assign>
<var>${count}</var>
<var>${error1}</var>
</assign>
<kw name="Evaluate" library="BuiltIn">
<doc>Evaluates the given expression in Python and returns the results.</doc>
<arguments>
<arg>${res}</arg>
</arguments>
<assign>
<var>${passed}</var>
</assign>
<msg timestamp="20230227 18:08:23.747" level="INFO">${passed} = True</msg>
<status status="PASS" starttime="20230227 18:08:23.747" endtime="20230227 18:08:23.747"></status>
</kw>
<kw name="Set Variable If" library="BuiltIn">
<doc>Sets variable based on the given condition.</doc>
<arguments>
<arg>${passed}</arg>
<arg>${EMPTY}</arg>
<arg>${text}</arg>
</arguments>
<assign>
<var>${error}</var>
</assign>
<msg timestamp="20230227 18:08:23.748" level="INFO">${error} = </msg>
<status status="PASS" starttime="20230227 18:08:23.747" endtime="20230227 18:08:23.748"></status>
</kw>
<msg timestamp="20230227 18:08:23.748" level="INFO">${count} = True</msg>
<msg timestamp="20230227 18:08:23.748" level="INFO">${error1} = </msg>
<status status="PASS" starttime="20230227 18:08:23.746" endtime="20230227 18:08:23.748"></status>
</kw>
<kw name="公共-校验" library="公共">
<arguments>
<arg>${result['field'][0]} ==1</arg>
<arg>字段错误：${result['field'][1]}\n</arg>
</arguments>
<assign>
<var>${field}</var>
<var>${error2}</var>
</assign>
<kw name="Evaluate" library="BuiltIn">
<doc>Evaluates the given expression in Python and returns the results.</doc>
<arguments>
<arg>${res}</arg>
</arguments>
<assign>
<var>${passed}</var>
</assign>
<msg timestamp="20230227 18:08:23.749" level="INFO">${passed} = True</msg>
<status status="PASS" starttime="20230227 18:08:23.749" endtime="20230227 18:08:23.749"></status>
</kw>
<kw name="Set Variable If" library="BuiltIn">
<doc>Sets variable based on the given condition.</doc>
<arguments>
<arg>${passed}</arg>
<arg>${EMPTY}</arg>
<arg>${text}</arg>
</arguments>
<assign>
<var>${error}</var>
</assign>
<msg timestamp="20230227 18:08:23.749" level="INFO">${error} = </msg>
<status status="PASS" starttime="20230227 18:08:23.749" endtime="20230227 18:08:23.749"></status>
</kw>
<msg timestamp="20230227 18:08:23.749" level="INFO">${field} = True</msg>
<msg timestamp="20230227 18:08:23.749" level="INFO">${error2} = </msg>
<status status="PASS" starttime="20230227 18:08:23.748" endtime="20230227 18:08:23.750"></status>
</kw>
<kw name="公共-校验" library="公共">
<arguments>
<arg>${result['errdata'][0]}==1</arg>
<arg>字段值错误：${result['errdata'][1]}\n</arg>
</arguments>
<assign>
<var>${errdata}</var>
<var>${error3}</var>
</assign>
<kw name="Evaluate" library="BuiltIn">
<doc>Evaluates the given expression in Python and returns the results.</doc>
<arguments>
<arg>${res}</arg>
</arguments>
<assign>
<var>${passed}</var>
</assign>
<msg timestamp="20230227 18:08:23.751" level="INFO">${passed} = True</msg>
<status status="PASS" starttime="20230227 18:08:23.750" endtime="20230227 18:08:23.751"></status>
</kw>
<kw name="Set Variable If" library="BuiltIn">
<doc>Sets variable based on the given condition.</doc>
<arguments>
<arg>${passed}</arg>
<arg>${EMPTY}</arg>
<arg>${text}</arg>
</arguments>
<assign>
<var>${error}</var>
</assign>
<msg timestamp="20230227 18:08:23.751" level="INFO">${error} = </msg>
<status status="PASS" starttime="20230227 18:08:23.751" endtime="20230227 18:08:23.751"></status>
</kw>
<msg timestamp="20230227 18:08:23.751" level="INFO">${errdata} = True</msg>
<msg timestamp="20230227 18:08:23.751" level="INFO">${error3} = </msg>
<status status="PASS" starttime="20230227 18:08:23.750" endtime="20230227 18:08:23.751"></status>
</kw>
<kw name="Evaluate" library="BuiltIn">
<doc>Evaluates the given expression in Python and returns the results.</doc>
<arguments>
<arg>${count}&amp;${field}&amp;${errdata}</arg>
</arguments>
<assign>
<var>${res}</var>
</assign>
<msg timestamp="20230227 18:08:23.752" level="INFO">${res} = True</msg>
<status status="PASS" starttime="20230227 18:08:23.751" endtime="20230227 18:08:23.752"></status>
</kw>
<kw name="Catenate" library="BuiltIn">
<doc>Catenates the given items together and returns the resulted string.</doc>
<arguments>
<arg>SEPARATOR=</arg>
<arg>${error1}</arg>
<arg>${error2}</arg>
<arg>${error3}</arg>
</arguments>
<assign>
<var>${error}</var>
</assign>
<msg timestamp="20230227 18:08:23.752" level="INFO">${error} = </msg>
<status status="PASS" starttime="20230227 18:08:23.752" endtime="20230227 18:08:23.752"></status>
</kw>
<kw name="Should Be True" library="BuiltIn">
<doc>Fails if the given condition is not true.</doc>
<arguments>
<arg>${res}</arg>
<arg>${error}</arg>
</arguments>
<status status="PASS" starttime="20230227 18:08:23.752" endtime="20230227 18:08:23.752"></status>
</kw>
<status status="PASS" starttime="20230227 18:08:23.713" endtime="20230227 18:08:23.752"></status>
</kw>
<status status="PASS" starttime="20230227 18:08:23.712" endtime="20230227 18:08:23.753" critical="yes"></status>
</test>
<test id="s1-t9" name="删除搜索文本返回pvs">
<kw name="公共－清除数据" library="公共">
<kw name="Sleep" library="BuiltIn">
<doc>Pauses the test executed for the given time.</doc>
<arguments>
<arg>3</arg>
</arguments>
<msg timestamp="20230227 18:08:26.754" level="INFO">Slept 3 seconds</msg>
<status status="PASS" starttime="20230227 18:08:23.754" endtime="20230227 18:08:26.755"></status>
</kw>
<kw name="Delete Data" library="auto">
<doc>删除临时表的数据</doc>
<arguments>
<arg>${platform}</arg>
</arguments>
<msg timestamp="20230227 18:08:26.755" level="INFO">delete_data...</msg>
<status status="PASS" starttime="20230227 18:08:26.755" endtime="20230227 18:08:26.770"></status>
</kw>
<kw name="Sleep" library="BuiltIn">
<doc>Pauses the test executed for the given time.</doc>
<arguments>
<arg>5</arg>
</arguments>
<msg timestamp="20230227 18:08:31.771" level="INFO">Slept 5 seconds</msg>
<status status="PASS" starttime="20230227 18:08:26.771" endtime="20230227 18:08:31.771"></status>
</kw>
<status status="PASS" starttime="20230227 18:08:23.754" endtime="20230227 18:08:31.771"></status>
</kw>
<kw name="搜索－删除搜索词" library="搜索">
<kw name="公共－点击页面文本" library="公共">
<arguments>
<arg>close</arg>
</arguments>
<kw name="Sleep" library="BuiltIn">
<doc>Pauses the test executed for the given time.</doc>
<arguments>
<arg>1</arg>
</arguments>
<msg timestamp="20230227 18:08:32.773" level="INFO">Slept 1 second</msg>
<status status="PASS" starttime="20230227 18:08:31.772" endtime="20230227 18:08:32.773"></status>
</kw>
<kw name="Click Element" library="AppiumLibrary">
<doc>Click element identified by `locator`.</doc>
<arguments>
<arg>name=${text}</arg>
</arguments>
<msg timestamp="20230227 18:08:32.775" level="INFO">Clicking element 'name=close'.</msg>
<status status="PASS" starttime="20230227 18:08:32.773" endtime="20230227 18:08:36.494"></status>
</kw>
<kw name="Sleep" library="BuiltIn">
<doc>Pauses the test executed for the given time.</doc>
<arguments>
<arg>2</arg>
</arguments>
<msg timestamp="20230227 18:08:38.495" level="INFO">Slept 2 seconds</msg>
<status status="PASS" starttime="20230227 18:08:36.494" endtime="20230227 18:08:38.495"></status>
</kw>
<status status="PASS" starttime="20230227 18:08:31.772" endtime="20230227 18:08:38.496"></status>
</kw>
<status status="PASS" starttime="20230227 18:08:31.771" endtime="20230227 18:08:38.496"></status>
</kw>
<kw name="Sleep" library="BuiltIn">
<doc>Pauses the test executed for the given time.</doc>
<arguments>
<arg>5</arg>
</arguments>
<msg timestamp="20230227 18:08:43.500" level="INFO">Slept 5 seconds</msg>
<status status="PASS" starttime="20230227 18:08:38.498" endtime="20230227 18:08:43.500"></status>
</kw>
<kw name="公共－校验结果" library="公共">
<arguments>
<arg>${pvs_field}</arg>
<arg>search_034</arg>
<arg>mpp_pvs_ipad</arg>
<arg>1</arg>
</arguments>
<kw name="Check Result" library="auto">
<doc>校验结果
:param field: 要查询的域
:param platform: 平台类型
:param test_point: 测试点
:param field_table: 数据模板表
:param act_count: 校验条数
:return:</doc>
<arguments>
<arg>${field}</arg>
<arg>${platform}</arg>
<arg>${test_point}</arg>
<arg>${field_table}</arg>
<arg>${act_count}</arg>
</arguments>
<assign>
<var>${result}</var>
</assign>
<msg timestamp="20230227 18:08:43.501" level="INFO">check_result...</msg>
<msg timestamp="20230227 18:08:43.571" level="INFO">${result} = {'count': [1, ''], 'field': [1, ''], 'errdata': [1, '']}</msg>
<status status="PASS" starttime="20230227 18:08:43.500" endtime="20230227 18:08:43.571"></status>
</kw>
<kw name="公共-校验" library="公共">
<arguments>
<arg>${result['count'][0]}==1</arg>
<arg>条数错误：${result['count'][1]}\n</arg>
</arguments>
<assign>
<var>${count}</var>
<var>${error1}</var>
</assign>
<kw name="Evaluate" library="BuiltIn">
<doc>Evaluates the given expression in Python and returns the results.</doc>
<arguments>
<arg>${res}</arg>
</arguments>
<assign>
<var>${passed}</var>
</assign>
<msg timestamp="20230227 18:08:43.572" level="INFO">${passed} = True</msg>
<status status="PASS" starttime="20230227 18:08:43.572" endtime="20230227 18:08:43.572"></status>
</kw>
<kw name="Set Variable If" library="BuiltIn">
<doc>Sets variable based on the given condition.</doc>
<arguments>
<arg>${passed}</arg>
<arg>${EMPTY}</arg>
<arg>${text}</arg>
</arguments>
<assign>
<var>${error}</var>
</assign>
<msg timestamp="20230227 18:08:43.572" level="INFO">${error} = </msg>
<status status="PASS" starttime="20230227 18:08:43.572" endtime="20230227 18:08:43.572"></status>
</kw>
<msg timestamp="20230227 18:08:43.573" level="INFO">${count} = True</msg>
<msg timestamp="20230227 18:08:43.573" level="INFO">${error1} = </msg>
<status status="PASS" starttime="20230227 18:08:43.571" endtime="20230227 18:08:43.573"></status>
</kw>
<kw name="公共-校验" library="公共">
<arguments>
<arg>${result['field'][0]} ==1</arg>
<arg>字段错误：${result['field'][1]}\n</arg>
</arguments>
<assign>
<var>${field}</var>
<var>${error2}</var>
</assign>
<kw name="Evaluate" library="BuiltIn">
<doc>Evaluates the given expression in Python and returns the results.</doc>
<arguments>
<arg>${res}</arg>
</arguments>
<assign>
<var>${passed}</var>
</assign>
<msg timestamp="20230227 18:08:43.573" level="INFO">${passed} = True</msg>
<status status="PASS" starttime="20230227 18:08:43.573" endtime="20230227 18:08:43.574"></status>
</kw>
<kw name="Set Variable If" library="BuiltIn">
<doc>Sets variable based on the given condition.</doc>
<arguments>
<arg>${passed}</arg>
<arg>${EMPTY}</arg>
<arg>${text}</arg>
</arguments>
<assign>
<var>${error}</var>
</assign>
<msg timestamp="20230227 18:08:43.574" level="INFO">${error} = </msg>
<status status="PASS" starttime="20230227 18:08:43.574" endtime="20230227 18:08:43.574"></status>
</kw>
<msg timestamp="20230227 18:08:43.574" level="INFO">${field} = True</msg>
<msg timestamp="20230227 18:08:43.574" level="INFO">${error2} = </msg>
<status status="PASS" starttime="20230227 18:08:43.573" endtime="20230227 18:08:43.574"></status>
</kw>
<kw name="公共-校验" library="公共">
<arguments>
<arg>${result['errdata'][0]}==1</arg>
<arg>字段值错误：${result['errdata'][1]}\n</arg>
</arguments>
<assign>
<var>${errdata}</var>
<var>${error3}</var>
</assign>
<kw name="Evaluate" library="BuiltIn">
<doc>Evaluates the given expression in Python and returns the results.</doc>
<arguments>
<arg>${res}</arg>
</arguments>
<assign>
<var>${passed}</var>
</assign>
<msg timestamp="20230227 18:08:43.575" level="INFO">${passed} = True</msg>
<status status="PASS" starttime="20230227 18:08:43.575" endtime="20230227 18:08:43.575"></status>
</kw>
<kw name="Set Variable If" library="BuiltIn">
<doc>Sets variable based on the given condition.</doc>
<arguments>
<arg>${passed}</arg>
<arg>${EMPTY}</arg>
<arg>${text}</arg>
</arguments>
<assign>
<var>${error}</var>
</assign>
<msg timestamp="20230227 18:08:43.575" level="INFO">${error} = </msg>
<status status="PASS" starttime="20230227 18:08:43.575" endtime="20230227 18:08:43.575"></status>
</kw>
<msg timestamp="20230227 18:08:43.576" level="INFO">${errdata} = True</msg>
<msg timestamp="20230227 18:08:43.576" level="INFO">${error3} = </msg>
<status status="PASS" starttime="20230227 18:08:43.574" endtime="20230227 18:08:43.576"></status>
</kw>
<kw name="Evaluate" library="BuiltIn">
<doc>Evaluates the given expression in Python and returns the results.</doc>
<arguments>
<arg>${count}&amp;${field}&amp;${errdata}</arg>
</arguments>
<assign>
<var>${res}</var>
</assign>
<msg timestamp="20230227 18:08:43.576" level="INFO">${res} = True</msg>
<status status="PASS" starttime="20230227 18:08:43.576" endtime="20230227 18:08:43.576"></status>
</kw>
<kw name="Catenate" library="BuiltIn">
<doc>Catenates the given items together and returns the resulted string.</doc>
<arguments>
<arg>SEPARATOR=</arg>
<arg>${error1}</arg>
<arg>${error2}</arg>
<arg>${error3}</arg>
</arguments>
<assign>
<var>${error}</var>
</assign>
<msg timestamp="20230227 18:08:43.576" level="INFO">${error} = </msg>
<status status="PASS" starttime="20230227 18:08:43.576" endtime="20230227 18:08:43.576"></status>
</kw>
<kw name="Should Be True" library="BuiltIn">
<doc>Fails if the given condition is not true.</doc>
<arguments>
<arg>${res}</arg>
<arg>${error}</arg>
</arguments>
<status status="PASS" starttime="20230227 18:08:43.577" endtime="20230227 18:08:43.577"></status>
</kw>
<status status="PASS" starttime="20230227 18:08:43.500" endtime="20230227 18:08:43.577"></status>
</kw>
<status status="PASS" starttime="20230227 18:08:23.753" endtime="20230227 18:08:43.577" critical="yes"></status>
</test>
<test id="s1-t10" name="无关键词搜索pvs">
<kw name="搜索－点击搜索框" library="搜索">
<kw name="Sleep" library="BuiltIn">
<doc>Pauses the test executed for the given time.</doc>
<arguments>
<arg>1</arg>
</arguments>
<msg timestamp="20230227 18:08:44.579" level="INFO">Slept 1 second</msg>
<status status="PASS" starttime="20230227 18:08:43.578" endtime="20230227 18:08:44.579"></status>
</kw>
<kw name="Click Element" library="AppiumLibrary">
<doc>Click element identified by `locator`.</doc>
<arguments>
<arg>xpath=//XCUIElementTypeTextField[@name="searchTextField"]</arg>
</arguments>
<msg timestamp="20230227 18:08:44.581" level="INFO">Clicking element 'xpath=//XCUIElementTypeTextField[@name="searchTextField"]'.</msg>
<status status="PASS" starttime="20230227 18:08:44.579" endtime="20230227 18:08:47.721"></status>
</kw>
<status status="PASS" starttime="20230227 18:08:43.578" endtime="20230227 18:08:47.721"></status>
</kw>
<kw name="公共－清除数据" library="公共">
<kw name="Sleep" library="BuiltIn">
<doc>Pauses the test executed for the given time.</doc>
<arguments>
<arg>3</arg>
</arguments>
<msg timestamp="20230227 18:08:50.722" level="INFO">Slept 3 seconds</msg>
<status status="PASS" starttime="20230227 18:08:47.722" endtime="20230227 18:08:50.722"></status>
</kw>
<kw name="Delete Data" library="auto">
<doc>删除临时表的数据</doc>
<arguments>
<arg>${platform}</arg>
</arguments>
<msg timestamp="20230227 18:08:50.723" level="INFO">delete_data...</msg>
<status status="PASS" starttime="20230227 18:08:50.723" endtime="20230227 18:08:50.740"></status>
</kw>
<kw name="Sleep" library="BuiltIn">
<doc>Pauses the test executed for the given time.</doc>
<arguments>
<arg>5</arg>
</arguments>
<msg timestamp="20230227 18:08:55.741" level="INFO">Slept 5 seconds</msg>
<status status="PASS" starttime="20230227 18:08:50.740" endtime="20230227 18:08:55.741"></status>
</kw>
<status status="PASS" starttime="20230227 18:08:47.721" endtime="20230227 18:08:55.741"></status>
</kw>
<kw name="搜索－键盘搜索" library="搜索">
<kw name="Sleep" library="BuiltIn">
<doc>Pauses the test executed for the given time.</doc>
<arguments>
<arg>1</arg>
</arguments>
<msg timestamp="20230227 18:08:56.742" level="INFO">Slept 1 second</msg>
<status status="PASS" starttime="20230227 18:08:55.742" endtime="20230227 18:08:56.743"></status>
</kw>
<kw name="Click Element" library="AppiumLibrary">
<doc>Click element identified by `locator`.</doc>
<arguments>
<arg>name=Search</arg>
</arguments>
<msg timestamp="20230227 18:08:56.746" level="INFO">Clicking element 'name=Search'.</msg>
<status status="PASS" starttime="20230227 18:08:56.743" endtime="20230227 18:08:58.457"></status>
</kw>
<kw name="Sleep" library="BuiltIn">
<doc>Pauses the test executed for the given time.</doc>
<arguments>
<arg>3</arg>
</arguments>
<msg timestamp="20230227 18:09:01.458" level="INFO">Slept 3 seconds</msg>
<status status="PASS" starttime="20230227 18:08:58.457" endtime="20230227 18:09:01.458"></status>
</kw>
<status status="PASS" starttime="20230227 18:08:55.741" endtime="20230227 18:09:01.458"></status>
</kw>
<kw name="公共－校验结果" library="公共">
<arguments>
<arg>${pvs_field}</arg>
<arg>search_035</arg>
<arg>mpp_pvs_ipad</arg>
<arg>1</arg>
</arguments>
<kw name="Check Result" library="auto">
<doc>校验结果
:param field: 要查询的域
:param platform: 平台类型
:param test_point: 测试点
:param field_table: 数据模板表
:param act_count: 校验条数
:return:</doc>
<arguments>
<arg>${field}</arg>
<arg>${platform}</arg>
<arg>${test_point}</arg>
<arg>${field_table}</arg>
<arg>${act_count}</arg>
</arguments>
<assign>
<var>${result}</var>
</assign>
<msg timestamp="20230227 18:09:01.459" level="INFO">check_result...</msg>
<msg timestamp="20230227 18:09:01.493" level="INFO">${result} = {'count': [1, ''], 'field': [1, ''], 'errdata': [1, '']}</msg>
<status status="PASS" starttime="20230227 18:09:01.459" endtime="20230227 18:09:01.493"></status>
</kw>
<kw name="公共-校验" library="公共">
<arguments>
<arg>${result['count'][0]}==1</arg>
<arg>条数错误：${result['count'][1]}\n</arg>
</arguments>
<assign>
<var>${count}</var>
<var>${error1}</var>
</assign>
<kw name="Evaluate" library="BuiltIn">
<doc>Evaluates the given expression in Python and returns the results.</doc>
<arguments>
<arg>${res}</arg>
</arguments>
<assign>
<var>${passed}</var>
</assign>
<msg timestamp="20230227 18:09:01.494" level="INFO">${passed} = True</msg>
<status status="PASS" starttime="20230227 18:09:01.494" endtime="20230227 18:09:01.494"></status>
</kw>
<kw name="Set Variable If" library="BuiltIn">
<doc>Sets variable based on the given condition.</doc>
<arguments>
<arg>${passed}</arg>
<arg>${EMPTY}</arg>
<arg>${text}</arg>
</arguments>
<assign>
<var>${error}</var>
</assign>
<msg timestamp="20230227 18:09:01.495" level="INFO">${error} = </msg>
<status status="PASS" starttime="20230227 18:09:01.495" endtime="20230227 18:09:01.495"></status>
</kw>
<msg timestamp="20230227 18:09:01.495" level="INFO">${count} = True</msg>
<msg timestamp="20230227 18:09:01.495" level="INFO">${error1} = </msg>
<status status="PASS" starttime="20230227 18:09:01.493" endtime="20230227 18:09:01.495"></status>
</kw>
<kw name="公共-校验" library="公共">
<arguments>
<arg>${result['field'][0]} ==1</arg>
<arg>字段错误：${result['field'][1]}\n</arg>
</arguments>
<assign>
<var>${field}</var>
<var>${error2}</var>
</assign>
<kw name="Evaluate" library="BuiltIn">
<doc>Evaluates the given expression in Python and returns the results.</doc>
<arguments>
<arg>${res}</arg>
</arguments>
<assign>
<var>${passed}</var>
</assign>
<msg timestamp="20230227 18:09:01.496" level="INFO">${passed} = True</msg>
<status status="PASS" starttime="20230227 18:09:01.496" endtime="20230227 18:09:01.496"></status>
</kw>
<kw name="Set Variable If" library="BuiltIn">
<doc>Sets variable based on the given condition.</doc>
<arguments>
<arg>${passed}</arg>
<arg>${EMPTY}</arg>
<arg>${text}</arg>
</arguments>
<assign>
<var>${error}</var>
</assign>
<msg timestamp="20230227 18:09:01.497" level="INFO">${error} = </msg>
<status status="PASS" starttime="20230227 18:09:01.496" endtime="20230227 18:09:01.497"></status>
</kw>
<msg timestamp="20230227 18:09:01.497" level="INFO">${field} = True</msg>
<msg timestamp="20230227 18:09:01.497" level="INFO">${error2} = </msg>
<status status="PASS" starttime="20230227 18:09:01.495" endtime="20230227 18:09:01.497"></status>
</kw>
<kw name="公共-校验" library="公共">
<arguments>
<arg>${result['errdata'][0]}==1</arg>
<arg>字段值错误：${result['errdata'][1]}\n</arg>
</arguments>
<assign>
<var>${errdata}</var>
<var>${error3}</var>
</assign>
<kw name="Evaluate" library="BuiltIn">
<doc>Evaluates the given expression in Python and returns the results.</doc>
<arguments>
<arg>${res}</arg>
</arguments>
<assign>
<var>${passed}</var>
</assign>
<msg timestamp="20230227 18:09:01.498" level="INFO">${passed} = True</msg>
<status status="PASS" starttime="20230227 18:09:01.498" endtime="20230227 18:09:01.498"></status>
</kw>
<kw name="Set Variable If" library="BuiltIn">
<doc>Sets variable based on the given condition.</doc>
<arguments>
<arg>${passed}</arg>
<arg>${EMPTY}</arg>
<arg>${text}</arg>
</arguments>
<assign>
<var>${error}</var>
</assign>
<msg timestamp="20230227 18:09:01.499" level="INFO">${error} = </msg>
<status status="PASS" starttime="20230227 18:09:01.498" endtime="20230227 18:09:01.499"></status>
</kw>
<msg timestamp="20230227 18:09:01.499" level="INFO">${errdata} = True</msg>
<msg timestamp="20230227 18:09:01.499" level="INFO">${error3} = </msg>
<status status="PASS" starttime="20230227 18:09:01.497" endtime="20230227 18:09:01.499"></status>
</kw>
<kw name="Evaluate" library="BuiltIn">
<doc>Evaluates the given expression in Python and returns the results.</doc>
<arguments>
<arg>${count}&amp;${field}&amp;${errdata}</arg>
</arguments>
<assign>
<var>${res}</var>
</assign>
<msg timestamp="20230227 18:09:01.500" level="INFO">${res} = True</msg>
<status status="PASS" starttime="20230227 18:09:01.499" endtime="20230227 18:09:01.500"></status>
</kw>
<kw name="Catenate" library="BuiltIn">
<doc>Catenates the given items together and returns the resulted string.</doc>
<arguments>
<arg>SEPARATOR=</arg>
<arg>${error1}</arg>
<arg>${error2}</arg>
<arg>${error3}</arg>
</arguments>
<assign>
<var>${error}</var>
</assign>
<msg timestamp="20230227 18:09:01.500" level="INFO">${error} = </msg>
<status status="PASS" starttime="20230227 18:09:01.500" endtime="20230227 18:09:01.500"></status>
</kw>
<kw name="Should Be True" library="BuiltIn">
<doc>Fails if the given condition is not true.</doc>
<arguments>
<arg>${res}</arg>
<arg>${error}</arg>
</arguments>
<status status="PASS" starttime="20230227 18:09:01.500" endtime="20230227 18:09:01.501"></status>
</kw>
<status status="PASS" starttime="20230227 18:09:01.458" endtime="20230227 18:09:01.501"></status>
</kw>
<status status="PASS" starttime="20230227 18:08:43.577" endtime="20230227 18:09:01.501" critical="yes"></status>
</test>
<test id="s1-t11" name="结果页返回首页">
<kw name="公共－清除数据" library="公共">
<kw name="Sleep" library="BuiltIn">
<doc>Pauses the test executed for the given time.</doc>
<arguments>
<arg>3</arg>
</arguments>
<msg timestamp="20230227 18:09:04.503" level="INFO">Slept 3 seconds</msg>
<status status="PASS" starttime="20230227 18:09:01.502" endtime="20230227 18:09:04.503"></status>
</kw>
<kw name="Delete Data" library="auto">
<doc>删除临时表的数据</doc>
<arguments>
<arg>${platform}</arg>
</arguments>
<msg timestamp="20230227 18:09:04.503" level="INFO">delete_data...</msg>
<status status="PASS" starttime="20230227 18:09:04.503" endtime="20230227 18:09:04.525"></status>
</kw>
<kw name="Sleep" library="BuiltIn">
<doc>Pauses the test executed for the given time.</doc>
<arguments>
<arg>5</arg>
</arguments>
<msg timestamp="20230227 18:09:09.527" level="INFO">Slept 5 seconds</msg>
<status status="PASS" starttime="20230227 18:09:04.525" endtime="20230227 18:09:09.528"></status>
</kw>
<status status="PASS" starttime="20230227 18:09:01.502" endtime="20230227 18:09:09.530"></status>
</kw>
<kw name="公共－点击页面文本" library="公共">
<arguments>
<arg>取消</arg>
</arguments>
<kw name="Sleep" library="BuiltIn">
<doc>Pauses the test executed for the given time.</doc>
<arguments>
<arg>1</arg>
</arguments>
<msg timestamp="20230227 18:09:10.533" level="INFO">Slept 1 second</msg>
<status status="PASS" starttime="20230227 18:09:09.530" endtime="20230227 18:09:10.533"></status>
</kw>
<kw name="Click Element" library="AppiumLibrary">
<doc>Click element identified by `locator`.</doc>
<arguments>
<arg>name=${text}</arg>
</arguments>
<msg timestamp="20230227 18:09:10.534" level="INFO">Clicking element 'name=取消'.</msg>
<status status="PASS" starttime="20230227 18:09:10.533" endtime="20230227 18:09:14.402"></status>
</kw>
<kw name="Sleep" library="BuiltIn">
<doc>Pauses the test executed for the given time.</doc>
<arguments>
<arg>2</arg>
</arguments>
<msg timestamp="20230227 18:09:16.403" level="INFO">Slept 2 seconds</msg>
<status status="PASS" starttime="20230227 18:09:14.402" endtime="20230227 18:09:16.403"></status>
</kw>
<status status="PASS" starttime="20230227 18:09:09.530" endtime="20230227 18:09:16.403"></status>
</kw>
<kw name="公共－校验结果" library="公共">
<arguments>
<arg>${pvs_field}</arg>
<arg>search_032</arg>
<arg>mpp_pvs_ipad</arg>
<arg>1</arg>
</arguments>
<kw name="Check Result" library="auto">
<doc>校验结果
:param field: 要查询的域
:param platform: 平台类型
:param test_point: 测试点
:param field_table: 数据模板表
:param act_count: 校验条数
:return:</doc>
<arguments>
<arg>${field}</arg>
<arg>${platform}</arg>
<arg>${test_point}</arg>
<arg>${field_table}</arg>
<arg>${act_count}</arg>
</arguments>
<assign>
<var>${result}</var>
</assign>
<msg timestamp="20230227 18:09:16.404" level="INFO">check_result...</msg>
<msg timestamp="20230227 18:09:16.432" level="INFO">${result} = {'count': [1, ''], 'field': [1, ''], 'errdata': [0, {'uvip': '0'}]}</msg>
<status status="PASS" starttime="20230227 18:09:16.404" endtime="20230227 18:09:16.432"></status>
</kw>
<kw name="公共-校验" library="公共">
<arguments>
<arg>${result['count'][0]}==1</arg>
<arg>条数错误：${result['count'][1]}\n</arg>
</arguments>
<assign>
<var>${count}</var>
<var>${error1}</var>
</assign>
<kw name="Evaluate" library="BuiltIn">
<doc>Evaluates the given expression in Python and returns the results.</doc>
<arguments>
<arg>${res}</arg>
</arguments>
<assign>
<var>${passed}</var>
</assign>
<msg timestamp="20230227 18:09:16.434" level="INFO">${passed} = True</msg>
<status status="PASS" starttime="20230227 18:09:16.433" endtime="20230227 18:09:16.434"></status>
</kw>
<kw name="Set Variable If" library="BuiltIn">
<doc>Sets variable based on the given condition.</doc>
<arguments>
<arg>${passed}</arg>
<arg>${EMPTY}</arg>
<arg>${text}</arg>
</arguments>
<assign>
<var>${error}</var>
</assign>
<msg timestamp="20230227 18:09:16.434" level="INFO">${error} = </msg>
<status status="PASS" starttime="20230227 18:09:16.434" endtime="20230227 18:09:16.434"></status>
</kw>
<msg timestamp="20230227 18:09:16.434" level="INFO">${count} = True</msg>
<msg timestamp="20230227 18:09:16.434" level="INFO">${error1} = </msg>
<status status="PASS" starttime="20230227 18:09:16.432" endtime="20230227 18:09:16.434"></status>
</kw>
<kw name="公共-校验" library="公共">
<arguments>
<arg>${result['field'][0]} ==1</arg>
<arg>字段错误：${result['field'][1]}\n</arg>
</arguments>
<assign>
<var>${field}</var>
<var>${error2}</var>
</assign>
<kw name="Evaluate" library="BuiltIn">
<doc>Evaluates the given expression in Python and returns the results.</doc>
<arguments>
<arg>${res}</arg>
</arguments>
<assign>
<var>${passed}</var>
</assign>
<msg timestamp="20230227 18:09:16.435" level="INFO">${passed} = True</msg>
<status status="PASS" starttime="20230227 18:09:16.435" endtime="20230227 18:09:16.435"></status>
</kw>
<kw name="Set Variable If" library="BuiltIn">
<doc>Sets variable based on the given condition.</doc>
<arguments>
<arg>${passed}</arg>
<arg>${EMPTY}</arg>
<arg>${text}</arg>
</arguments>
<assign>
<var>${error}</var>
</assign>
<msg timestamp="20230227 18:09:16.436" level="INFO">${error} = </msg>
<status status="PASS" starttime="20230227 18:09:16.435" endtime="20230227 18:09:16.436"></status>
</kw>
<msg timestamp="20230227 18:09:16.436" level="INFO">${field} = True</msg>
<msg timestamp="20230227 18:09:16.436" level="INFO">${error2} = </msg>
<status status="PASS" starttime="20230227 18:09:16.434" endtime="20230227 18:09:16.436"></status>
</kw>
<kw name="公共-校验" library="公共">
<arguments>
<arg>${result['errdata'][0]}==1</arg>
<arg>字段值错误：${result['errdata'][1]}\n</arg>
</arguments>
<assign>
<var>${errdata}</var>
<var>${error3}</var>
</assign>
<kw name="Evaluate" library="BuiltIn">
<doc>Evaluates the given expression in Python and returns the results.</doc>
<arguments>
<arg>${res}</arg>
</arguments>
<assign>
<var>${passed}</var>
</assign>
<msg timestamp="20230227 18:09:16.437" level="INFO">${passed} = False</msg>
<status status="PASS" starttime="20230227 18:09:16.437" endtime="20230227 18:09:16.437"></status>
</kw>
<kw name="Set Variable If" library="BuiltIn">
<doc>Sets variable based on the given condition.</doc>
<arguments>
<arg>${passed}</arg>
<arg>${EMPTY}</arg>
<arg>${text}</arg>
</arguments>
<assign>
<var>${error}</var>
</assign>
<msg timestamp="20230227 18:09:16.437" level="INFO">${error} = 字段值错误：{'uvip': '0'}
</msg>
<status status="PASS" starttime="20230227 18:09:16.437" endtime="20230227 18:09:16.437"></status>
</kw>
<msg timestamp="20230227 18:09:16.437" level="INFO">${errdata} = False</msg>
<msg timestamp="20230227 18:09:16.437" level="INFO">${error3} = 字段值错误：{'uvip': '0'}
</msg>
<status status="PASS" starttime="20230227 18:09:16.436" endtime="20230227 18:09:16.437"></status>
</kw>
<kw name="Evaluate" library="BuiltIn">
<doc>Evaluates the given expression in Python and returns the results.</doc>
<arguments>
<arg>${count}&amp;${field}&amp;${errdata}</arg>
</arguments>
<assign>
<var>${res}</var>
</assign>
<msg timestamp="20230227 18:09:16.438" level="INFO">${res} = False</msg>
<status status="PASS" starttime="20230227 18:09:16.437" endtime="20230227 18:09:16.438"></status>
</kw>
<kw name="Catenate" library="BuiltIn">
<doc>Catenates the given items together and returns the resulted string.</doc>
<arguments>
<arg>SEPARATOR=</arg>
<arg>${error1}</arg>
<arg>${error2}</arg>
<arg>${error3}</arg>
</arguments>
<assign>
<var>${error}</var>
</assign>
<msg timestamp="20230227 18:09:16.438" level="INFO">${error} = 字段值错误：{'uvip': '0'}
</msg>
<status status="PASS" starttime="20230227 18:09:16.438" endtime="20230227 18:09:16.438"></status>
</kw>
<kw name="Should Be True" library="BuiltIn">
<doc>Fails if the given condition is not true.</doc>
<arguments>
<arg>${res}</arg>
<arg>${error}</arg>
</arguments>
<msg timestamp="20230227 18:09:16.438" level="FAIL">字段值错误：{'uvip': '0'}
</msg>
<status status="FAIL" starttime="20230227 18:09:16.438" endtime="20230227 18:09:16.439"></status>
</kw>
<status status="FAIL" starttime="20230227 18:09:16.403" endtime="20230227 18:09:16.439"></status>
</kw>
<status status="FAIL" starttime="20230227 18:09:01.501" endtime="20230227 18:09:16.439" critical="yes">字段值错误：{'uvip': '0'}
</status>
</test>
<kw name="公共－关闭环境" library="公共" type="teardown">
<kw name="Close All Applications" library="AppiumLibrary">
<doc>Closes all open applications.</doc>
<status status="PASS" starttime="20230227 18:09:16.440" endtime="20230227 18:09:17.485"></status>
</kw>
<status status="PASS" starttime="20230227 18:09:16.440" endtime="20230227 18:09:17.485"></status>
</kw>
<status status="FAIL" starttime="20230227 18:06:40.576" endtime="20230227 18:09:17.485"></status>
</suite>
<statistics>
<total>
<stat pass="6" fail="5">Critical Tests</stat>
<stat pass="6" fail="5">All Tests</stat>
</total>
<tag>
</tag>
<suite>
<stat pass="6" fail="5" id="s1" name="推荐词搜索">推荐词搜索</stat>
</suite>
</statistics>
<errors>
<msg timestamp="20230227 18:06:40.570" level="WARN">Automatically parsing other than '*.robot' files is deprecated. Convert '/Users/xiaozixi/Desktop/自动化测试/iPad-AutoTest/调试/3-搜索上报/推荐词搜索.txt' to '*.robot' format or use '--extension' to explicitly configure which files to parse.</msg>
</errors>
</robot>
